+ N=100000
+ j=10740117
+ for S in 100 200
+ flags=ftwSNF
+ Q=100
+ '[' 100 -eq 400 ']'
+ '[' 100 -eq 200 ']'
+ '[' 100 -eq 100 ']'
+ L=08
+ '[' 100 -eq 050 ']'
+ for T in 1 4 8 16
+ source ../main.sh
++ lstopo --force --of TXT topology.TXT
++ ACML_DIR=/pica/h1/afshin/acml/acmllib/ifort64_fma4
++ ACML_LIB=/pica/h1/afshin/acml/acmllib/ifort64_fma4/lib/libacml.a
++ export LD_LIBRARY_PATH=/pica/h1/afshin/acml/acmllib/ifort64_fma4/lib:/opt/openmpi/1.8.1gcc4.9/lib:/sw/comp/gcc/4.9_tintin/lib64:/sw/comp/gcc/4.9_tintin/lib
++ LD_LIBRARY_PATH=/pica/h1/afshin/acml/acmllib/ifort64_fma4/lib:/opt/openmpi/1.8.1gcc4.9/lib:/sw/comp/gcc/4.9_tintin/lib64:/sw/comp/gcc/4.9_tintin/lib
++ expdir=Exp10740117_N100000_P100_Q100_ftwSNF_1cores
+++ ls -d 'Exp*_N100000_P100_Q100_ftwSNF_1cores'
ls: cannot access Exp*_N100000_P100_Q100_ftwSNF_1cores: No such file or directory
++ ex=
+++ pwd
++ curd=/gulo/glob/afshin/private/FMM/out/N1e5
++ '[' zz '!=' zz ']'
++ mkdir Exp10740117_N100000_P100_Q100_ftwSNF_1cores
++ cd Exp10740117_N100000_P100_Q100_ftwSNF_1cores
++ app=../../../bin/fmm
++ indir=../../../input
++ Tree=../../../input/tree_N100000_L08_Q100_S100.txt
++ Ops=../../../input/operators_N100000_L08_Q100_S100.txt
++ ref=../../../input/result_N100000_L08_Q100_S100.txt
++ out=time_ftwSNF.txt
++ '[' '!' -f ../../../input/tree_N100000_L08_Q100_S100.txt ']'
++ ../../../bin/fmm 100000 08 100 100 1 ../../../input/tree_N100000_L08_Q100_S100.txt ../../../input/operators_N100000_L08_Q100_S100.txt ftwSNF
tid 9434 affinity 10000000000000000000000000000000000000000000000000000000000000000000000000000000000000000000000000000000000000000000000000000000
+++ ls ./results_f_t_S_w.txt
++ res=./results_f_t_S_w.txt
++ compare=../../../out/check_results.py
++ task_times=../../../out/task_times.py
++ missed=../../../out/missed_time.py
++ dbrec=../../../out/dbrec.py
++ ttimes=task_times.txt
++ set +x
++ python ../../../out/check_results.py ../../../input/result_N100000_L08_Q100_S100.txt ./results_f_t_S_w.txt
++ python ../../../out/task_times.py time_ftwSNF.txt
++ python ../../../out/missed_time.py time_ftwSNF.txt
Traceback (most recent call last):
  File "../../../out/missed_time.py", line 26, in <module>
    n,f,b,m=load_file(fname)
  File "../../../out/missed_time.py", line 23, in load_file
    return mvnear,mvfar,barrier,fmm
UnboundLocalError: local variable 'barrier' referenced before assignment
++ python ../../../out/dbrec.py 100000 08 100 100 1 ftwSNF time_ftwSNF.txt task_times.txt
+++ ls '*.dot'
++ cd /gulo/glob/afshin/private/FMM/out/N1e5
+ for T in 1 4 8 16
+ source ../main.sh
++ lstopo --force --of TXT topology.TXT
++ ACML_DIR=/pica/h1/afshin/acml/acmllib/ifort64_fma4
++ ACML_LIB=/pica/h1/afshin/acml/acmllib/ifort64_fma4/lib/libacml.a
++ export LD_LIBRARY_PATH=/pica/h1/afshin/acml/acmllib/ifort64_fma4/lib:/sw/comp/python/2.7.2_tintin/lib:/sw/libs/wxWidgets/lib:/pica/h1/afshin/acml/acmllib/ifort64_fma4/lib:/opt/openmpi/1.8.1gcc4.9/lib:/sw/comp/gcc/4.9_tintin/lib64:/sw/comp/gcc/4.9_tintin/lib
++ LD_LIBRARY_PATH=/pica/h1/afshin/acml/acmllib/ifort64_fma4/lib:/sw/comp/python/2.7.2_tintin/lib:/sw/libs/wxWidgets/lib:/pica/h1/afshin/acml/acmllib/ifort64_fma4/lib:/opt/openmpi/1.8.1gcc4.9/lib:/sw/comp/gcc/4.9_tintin/lib64:/sw/comp/gcc/4.9_tintin/lib
++ expdir=Exp10740117_N100000_P100_Q100_ftwSNF_4cores
+++ ls -d 'Exp*_N100000_P100_Q100_ftwSNF_4cores'
ls: cannot access Exp*_N100000_P100_Q100_ftwSNF_4cores: No such file or directory
++ ex=
+++ pwd
++ curd=/gulo/glob/afshin/private/FMM/out/N1e5
++ '[' zz '!=' zz ']'
++ mkdir Exp10740117_N100000_P100_Q100_ftwSNF_4cores
++ cd Exp10740117_N100000_P100_Q100_ftwSNF_4cores
++ app=../../../bin/fmm
++ indir=../../../input
++ Tree=../../../input/tree_N100000_L08_Q100_S100.txt
++ Ops=../../../input/operators_N100000_L08_Q100_S100.txt
++ ref=../../../input/result_N100000_L08_Q100_S100.txt
++ out=time_ftwSNF.txt
++ '[' '!' -f ../../../input/tree_N100000_L08_Q100_S100.txt ']'
++ ../../../bin/fmm 100000 08 100 100 4 ../../../input/tree_N100000_L08_Q100_S100.txt ../../../input/operators_N100000_L08_Q100_S100.txt ftwSNF
tid 9453 affinity 10000000000000000000000000000000000000000000000000000000000000000000000000000000000000000000000000000000000000000000000000000000
tid 9454 affinity 01000000000000000000000000000000000000000000000000000000000000000000000000000000000000000000000000000000000000000000000000000000
tid 9455 affinity 00100000000000000000000000000000000000000000000000000000000000000000000000000000000000000000000000000000000000000000000000000000
tid 9456 affinity 00010000000000000000000000000000000000000000000000000000000000000000000000000000000000000000000000000000000000000000000000000000
+++ ls ./results_f_t_S_w.txt
++ res=./results_f_t_S_w.txt
++ compare=../../../out/check_results.py
++ task_times=../../../out/task_times.py
++ missed=../../../out/missed_time.py
++ dbrec=../../../out/dbrec.py
++ ttimes=task_times.txt
++ set +x
++ python ../../../out/check_results.py ../../../input/result_N100000_L08_Q100_S100.txt ./results_f_t_S_w.txt
++ python ../../../out/task_times.py time_ftwSNF.txt
++ python ../../../out/missed_time.py time_ftwSNF.txt
Traceback (most recent call last):
  File "../../../out/missed_time.py", line 26, in <module>
    n,f,b,m=load_file(fname)
  File "../../../out/missed_time.py", line 23, in load_file
    return mvnear,mvfar,barrier,fmm
UnboundLocalError: local variable 'barrier' referenced before assignment
++ python ../../../out/dbrec.py 100000 08 100 100 4 ftwSNF time_ftwSNF.txt task_times.txt
+++ ls '*.dot'
++ cd /gulo/glob/afshin/private/FMM/out/N1e5
+ for T in 1 4 8 16
+ source ../main.sh
++ lstopo --force --of TXT topology.TXT
++ ACML_DIR=/pica/h1/afshin/acml/acmllib/ifort64_fma4
++ ACML_LIB=/pica/h1/afshin/acml/acmllib/ifort64_fma4/lib/libacml.a
++ export LD_LIBRARY_PATH=/pica/h1/afshin/acml/acmllib/ifort64_fma4/lib:/pica/h1/afshin/acml/acmllib/ifort64_fma4/lib:/sw/comp/python/2.7.2_tintin/lib:/sw/libs/wxWidgets/lib:/pica/h1/afshin/acml/acmllib/ifort64_fma4/lib:/opt/openmpi/1.8.1gcc4.9/lib:/sw/comp/gcc/4.9_tintin/lib64:/sw/comp/gcc/4.9_tintin/lib
++ LD_LIBRARY_PATH=/pica/h1/afshin/acml/acmllib/ifort64_fma4/lib:/pica/h1/afshin/acml/acmllib/ifort64_fma4/lib:/sw/comp/python/2.7.2_tintin/lib:/sw/libs/wxWidgets/lib:/pica/h1/afshin/acml/acmllib/ifort64_fma4/lib:/opt/openmpi/1.8.1gcc4.9/lib:/sw/comp/gcc/4.9_tintin/lib64:/sw/comp/gcc/4.9_tintin/lib
++ expdir=Exp10740117_N100000_P100_Q100_ftwSNF_8cores
+++ ls -d 'Exp*_N100000_P100_Q100_ftwSNF_8cores'
ls: cannot access Exp*_N100000_P100_Q100_ftwSNF_8cores: No such file or directory
++ ex=
+++ pwd
++ curd=/gulo/glob/afshin/private/FMM/out/N1e5
++ '[' zz '!=' zz ']'
++ mkdir Exp10740117_N100000_P100_Q100_ftwSNF_8cores
++ cd Exp10740117_N100000_P100_Q100_ftwSNF_8cores
++ app=../../../bin/fmm
++ indir=../../../input
++ Tree=../../../input/tree_N100000_L08_Q100_S100.txt
++ Ops=../../../input/operators_N100000_L08_Q100_S100.txt
++ ref=../../../input/result_N100000_L08_Q100_S100.txt
++ out=time_ftwSNF.txt
++ '[' '!' -f ../../../input/tree_N100000_L08_Q100_S100.txt ']'
++ ../../../bin/fmm 100000 08 100 100 8 ../../../input/tree_N100000_L08_Q100_S100.txt ../../../input/operators_N100000_L08_Q100_S100.txt ftwSNF
tid 9473 affinity 10000000000000000000000000000000000000000000000000000000000000000000000000000000000000000000000000000000000000000000000000000000
tid 9474 affinity 01000000000000000000000000000000000000000000000000000000000000000000000000000000000000000000000000000000000000000000000000000000
tid 9475 affinity 00100000000000000000000000000000000000000000000000000000000000000000000000000000000000000000000000000000000000000000000000000000
tid 9476 affinity 00010000000000000000000000000000000000000000000000000000000000000000000000000000000000000000000000000000000000000000000000000000
tid 9477 affinity 00001000000000000000000000000000000000000000000000000000000000000000000000000000000000000000000000000000000000000000000000000000
tid 9478 affinity 00000100000000000000000000000000000000000000000000000000000000000000000000000000000000000000000000000000000000000000000000000000
tid 9479 affinity 00000010000000000000000000000000000000000000000000000000000000000000000000000000000000000000000000000000000000000000000000000000
tid 9480 affinity 00000001000000000000000000000000000000000000000000000000000000000000000000000000000000000000000000000000000000000000000000000000
+++ ls ./results_f_t_S_w.txt
++ res=./results_f_t_S_w.txt
++ compare=../../../out/check_results.py
++ task_times=../../../out/task_times.py
++ missed=../../../out/missed_time.py
++ dbrec=../../../out/dbrec.py
++ ttimes=task_times.txt
++ set +x
++ python ../../../out/check_results.py ../../../input/result_N100000_L08_Q100_S100.txt ./results_f_t_S_w.txt
++ python ../../../out/task_times.py time_ftwSNF.txt
++ python ../../../out/missed_time.py time_ftwSNF.txt
Traceback (most recent call last):
  File "../../../out/missed_time.py", line 26, in <module>
    n,f,b,m=load_file(fname)
  File "../../../out/missed_time.py", line 23, in load_file
    return mvnear,mvfar,barrier,fmm
UnboundLocalError: local variable 'barrier' referenced before assignment
++ python ../../../out/dbrec.py 100000 08 100 100 8 ftwSNF time_ftwSNF.txt task_times.txt
+++ ls '*.dot'
++ cd /gulo/glob/afshin/private/FMM/out/N1e5
+ for T in 1 4 8 16
+ source ../main.sh
++ lstopo --force --of TXT topology.TXT
++ ACML_DIR=/pica/h1/afshin/acml/acmllib/ifort64_fma4
++ ACML_LIB=/pica/h1/afshin/acml/acmllib/ifort64_fma4/lib/libacml.a
++ export LD_LIBRARY_PATH=/pica/h1/afshin/acml/acmllib/ifort64_fma4/lib:/pica/h1/afshin/acml/acmllib/ifort64_fma4/lib:/pica/h1/afshin/acml/acmllib/ifort64_fma4/lib:/sw/comp/python/2.7.2_tintin/lib:/sw/libs/wxWidgets/lib:/pica/h1/afshin/acml/acmllib/ifort64_fma4/lib:/opt/openmpi/1.8.1gcc4.9/lib:/sw/comp/gcc/4.9_tintin/lib64:/sw/comp/gcc/4.9_tintin/lib
++ LD_LIBRARY_PATH=/pica/h1/afshin/acml/acmllib/ifort64_fma4/lib:/pica/h1/afshin/acml/acmllib/ifort64_fma4/lib:/pica/h1/afshin/acml/acmllib/ifort64_fma4/lib:/sw/comp/python/2.7.2_tintin/lib:/sw/libs/wxWidgets/lib:/pica/h1/afshin/acml/acmllib/ifort64_fma4/lib:/opt/openmpi/1.8.1gcc4.9/lib:/sw/comp/gcc/4.9_tintin/lib64:/sw/comp/gcc/4.9_tintin/lib
++ expdir=Exp10740117_N100000_P100_Q100_ftwSNF_16cores
+++ ls -d 'Exp*_N100000_P100_Q100_ftwSNF_16cores'
ls: cannot access Exp*_N100000_P100_Q100_ftwSNF_16cores: No such file or directory
++ ex=
+++ pwd
++ curd=/gulo/glob/afshin/private/FMM/out/N1e5
++ '[' zz '!=' zz ']'
++ mkdir Exp10740117_N100000_P100_Q100_ftwSNF_16cores
++ cd Exp10740117_N100000_P100_Q100_ftwSNF_16cores
++ app=../../../bin/fmm
++ indir=../../../input
++ Tree=../../../input/tree_N100000_L08_Q100_S100.txt
++ Ops=../../../input/operators_N100000_L08_Q100_S100.txt
++ ref=../../../input/result_N100000_L08_Q100_S100.txt
++ out=time_ftwSNF.txt
++ '[' '!' -f ../../../input/tree_N100000_L08_Q100_S100.txt ']'
++ ../../../bin/fmm 100000 08 100 100 16 ../../../input/tree_N100000_L08_Q100_S100.txt ../../../input/operators_N100000_L08_Q100_S100.txt ftwSNF
tid 9499 affinity 10000000000000000000000000000000000000000000000000000000000000000000000000000000000000000000000000000000000000000000000000000000
tid 9500 affinity 01000000000000000000000000000000000000000000000000000000000000000000000000000000000000000000000000000000000000000000000000000000
tid 9501 affinity 00100000000000000000000000000000000000000000000000000000000000000000000000000000000000000000000000000000000000000000000000000000
tid 9502 affinity 00010000000000000000000000000000000000000000000000000000000000000000000000000000000000000000000000000000000000000000000000000000
tid 9503 affinity 00001000000000000000000000000000000000000000000000000000000000000000000000000000000000000000000000000000000000000000000000000000
tid 9504 affinity 00000100000000000000000000000000000000000000000000000000000000000000000000000000000000000000000000000000000000000000000000000000
tid 9505 affinity 00000010000000000000000000000000000000000000000000000000000000000000000000000000000000000000000000000000000000000000000000000000
tid 9506 affinity 00000001000000000000000000000000000000000000000000000000000000000000000000000000000000000000000000000000000000000000000000000000
tid 9507 affinity 00000000100000000000000000000000000000000000000000000000000000000000000000000000000000000000000000000000000000000000000000000000
tid 9508 affinity 00000000010000000000000000000000000000000000000000000000000000000000000000000000000000000000000000000000000000000000000000000000
tid 9509 affinity 00000000001000000000000000000000000000000000000000000000000000000000000000000000000000000000000000000000000000000000000000000000
tid 9510 affinity 00000000000100000000000000000000000000000000000000000000000000000000000000000000000000000000000000000000000000000000000000000000
tid 9511 affinity 00000000000010000000000000000000000000000000000000000000000000000000000000000000000000000000000000000000000000000000000000000000
tid 9512 affinity 00000000000001000000000000000000000000000000000000000000000000000000000000000000000000000000000000000000000000000000000000000000
tid 9513 affinity 00000000000000100000000000000000000000000000000000000000000000000000000000000000000000000000000000000000000000000000000000000000
tid 9514 affinity 00000000000000010000000000000000000000000000000000000000000000000000000000000000000000000000000000000000000000000000000000000000
+++ ls ./results_f_t_S_w.txt
++ res=./results_f_t_S_w.txt
++ compare=../../../out/check_results.py
++ task_times=../../../out/task_times.py
++ missed=../../../out/missed_time.py
++ dbrec=../../../out/dbrec.py
++ ttimes=task_times.txt
++ set +x
++ python ../../../out/check_results.py ../../../input/result_N100000_L08_Q100_S100.txt ./results_f_t_S_w.txt
++ python ../../../out/task_times.py time_ftwSNF.txt
++ python ../../../out/missed_time.py time_ftwSNF.txt
Traceback (most recent call last):
  File "../../../out/missed_time.py", line 26, in <module>
    n,f,b,m=load_file(fname)
  File "../../../out/missed_time.py", line 23, in load_file
    return mvnear,mvfar,barrier,fmm
UnboundLocalError: local variable 'barrier' referenced before assignment
++ python ../../../out/dbrec.py 100000 08 100 100 16 ftwSNF time_ftwSNF.txt task_times.txt
+++ ls '*.dot'
++ cd /gulo/glob/afshin/private/FMM/out/N1e5
+ T=1
+ flags=fswSNF
+ source ../main.sh
++ lstopo --force --of TXT topology.TXT
++ ACML_DIR=/pica/h1/afshin/acml/acmllib/ifort64_fma4
++ ACML_LIB=/pica/h1/afshin/acml/acmllib/ifort64_fma4/lib/libacml.a
++ export LD_LIBRARY_PATH=/pica/h1/afshin/acml/acmllib/ifort64_fma4/lib:/pica/h1/afshin/acml/acmllib/ifort64_fma4/lib:/pica/h1/afshin/acml/acmllib/ifort64_fma4/lib:/pica/h1/afshin/acml/acmllib/ifort64_fma4/lib:/sw/comp/python/2.7.2_tintin/lib:/sw/libs/wxWidgets/lib:/pica/h1/afshin/acml/acmllib/ifort64_fma4/lib:/opt/openmpi/1.8.1gcc4.9/lib:/sw/comp/gcc/4.9_tintin/lib64:/sw/comp/gcc/4.9_tintin/lib
++ LD_LIBRARY_PATH=/pica/h1/afshin/acml/acmllib/ifort64_fma4/lib:/pica/h1/afshin/acml/acmllib/ifort64_fma4/lib:/pica/h1/afshin/acml/acmllib/ifort64_fma4/lib:/pica/h1/afshin/acml/acmllib/ifort64_fma4/lib:/sw/comp/python/2.7.2_tintin/lib:/sw/libs/wxWidgets/lib:/pica/h1/afshin/acml/acmllib/ifort64_fma4/lib:/opt/openmpi/1.8.1gcc4.9/lib:/sw/comp/gcc/4.9_tintin/lib64:/sw/comp/gcc/4.9_tintin/lib
++ expdir=Exp10740117_N100000_P100_Q100_fswSNF_1cores
+++ ls -d 'Exp*_N100000_P100_Q100_fswSNF_1cores'
ls: cannot access Exp*_N100000_P100_Q100_fswSNF_1cores: No such file or directory
++ ex=
+++ pwd
++ curd=/gulo/glob/afshin/private/FMM/out/N1e5
++ '[' zz '!=' zz ']'
++ mkdir Exp10740117_N100000_P100_Q100_fswSNF_1cores
++ cd Exp10740117_N100000_P100_Q100_fswSNF_1cores
++ app=../../../bin/fmm
++ indir=../../../input
++ Tree=../../../input/tree_N100000_L08_Q100_S100.txt
++ Ops=../../../input/operators_N100000_L08_Q100_S100.txt
++ ref=../../../input/result_N100000_L08_Q100_S100.txt
++ out=time_fswSNF.txt
++ '[' '!' -f ../../../input/tree_N100000_L08_Q100_S100.txt ']'
++ ../../../bin/fmm 100000 08 100 100 1 ../../../input/tree_N100000_L08_Q100_S100.txt ../../../input/operators_N100000_L08_Q100_S100.txt fswSNF
tid 9531 affinity 11111111111111110000000000000000000000000000000000000000000000000000000000000000000000000000000000000000000000000000000000000000
+++ ls ./results_f_s_S_w.txt
++ res=./results_f_s_S_w.txt
++ compare=../../../out/check_results.py
++ task_times=../../../out/task_times.py
++ missed=../../../out/missed_time.py
++ dbrec=../../../out/dbrec.py
++ ttimes=task_times.txt
++ set +x
++ python ../../../out/check_results.py ../../../input/result_N100000_L08_Q100_S100.txt ./results_f_s_S_w.txt
++ python ../../../out/task_times.py time_fswSNF.txt
++ python ../../../out/missed_time.py time_fswSNF.txt
Traceback (most recent call last):
  File "../../../out/missed_time.py", line 26, in <module>
    n,f,b,m=load_file(fname)
  File "../../../out/missed_time.py", line 23, in load_file
    return mvnear,mvfar,barrier,fmm
UnboundLocalError: local variable 'barrier' referenced before assignment
++ python ../../../out/dbrec.py 100000 08 100 100 1 fswSNF time_fswSNF.txt task_times.txt
+++ ls '*.dot'
++ cd /gulo/glob/afshin/private/FMM/out/N1e5
+ for S in 100 200
+ flags=ftwSNF
+ Q=100
+ '[' 200 -eq 400 ']'
+ '[' 200 -eq 200 ']'
+ L=07
+ '[' 200 -eq 100 ']'
+ '[' 200 -eq 050 ']'
+ for T in 1 4 8 16
+ source ../main.sh
++ lstopo --force --of TXT topology.TXT
++ ACML_DIR=/pica/h1/afshin/acml/acmllib/ifort64_fma4
++ ACML_LIB=/pica/h1/afshin/acml/acmllib/ifort64_fma4/lib/libacml.a
++ export LD_LIBRARY_PATH=/pica/h1/afshin/acml/acmllib/ifort64_fma4/lib:/pica/h1/afshin/acml/acmllib/ifort64_fma4/lib:/pica/h1/afshin/acml/acmllib/ifort64_fma4/lib:/pica/h1/afshin/acml/acmllib/ifort64_fma4/lib:/pica/h1/afshin/acml/acmllib/ifort64_fma4/lib:/sw/comp/python/2.7.2_tintin/lib:/sw/libs/wxWidgets/lib:/pica/h1/afshin/acml/acmllib/ifort64_fma4/lib:/opt/openmpi/1.8.1gcc4.9/lib:/sw/comp/gcc/4.9_tintin/lib64:/sw/comp/gcc/4.9_tintin/lib
++ LD_LIBRARY_PATH=/pica/h1/afshin/acml/acmllib/ifort64_fma4/lib:/pica/h1/afshin/acml/acmllib/ifort64_fma4/lib:/pica/h1/afshin/acml/acmllib/ifort64_fma4/lib:/pica/h1/afshin/acml/acmllib/ifort64_fma4/lib:/pica/h1/afshin/acml/acmllib/ifort64_fma4/lib:/sw/comp/python/2.7.2_tintin/lib:/sw/libs/wxWidgets/lib:/pica/h1/afshin/acml/acmllib/ifort64_fma4/lib:/opt/openmpi/1.8.1gcc4.9/lib:/sw/comp/gcc/4.9_tintin/lib64:/sw/comp/gcc/4.9_tintin/lib
++ expdir=Exp10740117_N100000_P200_Q100_ftwSNF_1cores
+++ ls -d 'Exp*_N100000_P200_Q100_ftwSNF_1cores'
ls: cannot access Exp*_N100000_P200_Q100_ftwSNF_1cores: No such file or directory
++ ex=
+++ pwd
++ curd=/gulo/glob/afshin/private/FMM/out/N1e5
++ '[' zz '!=' zz ']'
++ mkdir Exp10740117_N100000_P200_Q100_ftwSNF_1cores
++ cd Exp10740117_N100000_P200_Q100_ftwSNF_1cores
++ app=../../../bin/fmm
++ indir=../../../input
++ Tree=../../../input/tree_N100000_L07_Q100_S200.txt
++ Ops=../../../input/operators_N100000_L07_Q100_S200.txt
++ ref=../../../input/result_N100000_L07_Q100_S200.txt
++ out=time_ftwSNF.txt
++ '[' '!' -f ../../../input/tree_N100000_L07_Q100_S200.txt ']'
++ ../../../bin/fmm 100000 07 100 200 1 ../../../input/tree_N100000_L07_Q100_S200.txt ../../../input/operators_N100000_L07_Q100_S200.txt ftwSNF
tid 9600 affinity 10000000000000000000000000000000000000000000000000000000000000000000000000000000000000000000000000000000000000000000000000000000
+++ ls ./results_f_t_S_w.txt
++ res=./results_f_t_S_w.txt
++ compare=../../../out/check_results.py
++ task_times=../../../out/task_times.py
++ missed=../../../out/missed_time.py
++ dbrec=../../../out/dbrec.py
++ ttimes=task_times.txt
++ set +x
++ python ../../../out/check_results.py ../../../input/result_N100000_L07_Q100_S200.txt ./results_f_t_S_w.txt
++ python ../../../out/task_times.py time_ftwSNF.txt
++ python ../../../out/missed_time.py time_ftwSNF.txt
Traceback (most recent call last):
  File "../../../out/missed_time.py", line 26, in <module>
    n,f,b,m=load_file(fname)
  File "../../../out/missed_time.py", line 23, in load_file
    return mvnear,mvfar,barrier,fmm
UnboundLocalError: local variable 'barrier' referenced before assignment
++ python ../../../out/dbrec.py 100000 07 200 100 1 ftwSNF time_ftwSNF.txt task_times.txt
+++ ls '*.dot'
++ cd /gulo/glob/afshin/private/FMM/out/N1e5
+ for T in 1 4 8 16
+ source ../main.sh
++ lstopo --force --of TXT topology.TXT
++ ACML_DIR=/pica/h1/afshin/acml/acmllib/ifort64_fma4
++ ACML_LIB=/pica/h1/afshin/acml/acmllib/ifort64_fma4/lib/libacml.a
++ export LD_LIBRARY_PATH=/pica/h1/afshin/acml/acmllib/ifort64_fma4/lib:/pica/h1/afshin/acml/acmllib/ifort64_fma4/lib:/pica/h1/afshin/acml/acmllib/ifort64_fma4/lib:/pica/h1/afshin/acml/acmllib/ifort64_fma4/lib:/pica/h1/afshin/acml/acmllib/ifort64_fma4/lib:/pica/h1/afshin/acml/acmllib/ifort64_fma4/lib:/sw/comp/python/2.7.2_tintin/lib:/sw/libs/wxWidgets/lib:/pica/h1/afshin/acml/acmllib/ifort64_fma4/lib:/opt/openmpi/1.8.1gcc4.9/lib:/sw/comp/gcc/4.9_tintin/lib64:/sw/comp/gcc/4.9_tintin/lib
++ LD_LIBRARY_PATH=/pica/h1/afshin/acml/acmllib/ifort64_fma4/lib:/pica/h1/afshin/acml/acmllib/ifort64_fma4/lib:/pica/h1/afshin/acml/acmllib/ifort64_fma4/lib:/pica/h1/afshin/acml/acmllib/ifort64_fma4/lib:/pica/h1/afshin/acml/acmllib/ifort64_fma4/lib:/pica/h1/afshin/acml/acmllib/ifort64_fma4/lib:/sw/comp/python/2.7.2_tintin/lib:/sw/libs/wxWidgets/lib:/pica/h1/afshin/acml/acmllib/ifort64_fma4/lib:/opt/openmpi/1.8.1gcc4.9/lib:/sw/comp/gcc/4.9_tintin/lib64:/sw/comp/gcc/4.9_tintin/lib
++ expdir=Exp10740117_N100000_P200_Q100_ftwSNF_4cores
+++ ls -d 'Exp*_N100000_P200_Q100_ftwSNF_4cores'
ls: cannot access Exp*_N100000_P200_Q100_ftwSNF_4cores: No such file or directory
++ ex=
+++ pwd
++ curd=/gulo/glob/afshin/private/FMM/out/N1e5
++ '[' zz '!=' zz ']'
++ mkdir Exp10740117_N100000_P200_Q100_ftwSNF_4cores
++ cd Exp10740117_N100000_P200_Q100_ftwSNF_4cores
++ app=../../../bin/fmm
++ indir=../../../input
++ Tree=../../../input/tree_N100000_L07_Q100_S200.txt
++ Ops=../../../input/operators_N100000_L07_Q100_S200.txt
++ ref=../../../input/result_N100000_L07_Q100_S200.txt
++ out=time_ftwSNF.txt
++ '[' '!' -f ../../../input/tree_N100000_L07_Q100_S200.txt ']'
++ ../../../bin/fmm 100000 07 100 200 4 ../../../input/tree_N100000_L07_Q100_S200.txt ../../../input/operators_N100000_L07_Q100_S200.txt ftwSNF
tid 9618 affinity 10000000000000000000000000000000000000000000000000000000000000000000000000000000000000000000000000000000000000000000000000000000
tid 9619 affinity 01000000000000000000000000000000000000000000000000000000000000000000000000000000000000000000000000000000000000000000000000000000
tid 9620 affinity 00100000000000000000000000000000000000000000000000000000000000000000000000000000000000000000000000000000000000000000000000000000
tid 9621 affinity 00010000000000000000000000000000000000000000000000000000000000000000000000000000000000000000000000000000000000000000000000000000
+++ ls ./results_f_t_S_w.txt
++ res=./results_f_t_S_w.txt
++ compare=../../../out/check_results.py
++ task_times=../../../out/task_times.py
++ missed=../../../out/missed_time.py
++ dbrec=../../../out/dbrec.py
++ ttimes=task_times.txt
++ set +x
++ python ../../../out/check_results.py ../../../input/result_N100000_L07_Q100_S200.txt ./results_f_t_S_w.txt
++ python ../../../out/task_times.py time_ftwSNF.txt
++ python ../../../out/missed_time.py time_ftwSNF.txt
Traceback (most recent call last):
  File "../../../out/missed_time.py", line 26, in <module>
    n,f,b,m=load_file(fname)
  File "../../../out/missed_time.py", line 23, in load_file
    return mvnear,mvfar,barrier,fmm
UnboundLocalError: local variable 'barrier' referenced before assignment
++ python ../../../out/dbrec.py 100000 07 200 100 4 ftwSNF time_ftwSNF.txt task_times.txt
+++ ls '*.dot'
++ cd /gulo/glob/afshin/private/FMM/out/N1e5
+ for T in 1 4 8 16
+ source ../main.sh
++ lstopo --force --of TXT topology.TXT
++ ACML_DIR=/pica/h1/afshin/acml/acmllib/ifort64_fma4
++ ACML_LIB=/pica/h1/afshin/acml/acmllib/ifort64_fma4/lib/libacml.a
++ export LD_LIBRARY_PATH=/pica/h1/afshin/acml/acmllib/ifort64_fma4/lib:/pica/h1/afshin/acml/acmllib/ifort64_fma4/lib:/pica/h1/afshin/acml/acmllib/ifort64_fma4/lib:/pica/h1/afshin/acml/acmllib/ifort64_fma4/lib:/pica/h1/afshin/acml/acmllib/ifort64_fma4/lib:/pica/h1/afshin/acml/acmllib/ifort64_fma4/lib:/pica/h1/afshin/acml/acmllib/ifort64_fma4/lib:/sw/comp/python/2.7.2_tintin/lib:/sw/libs/wxWidgets/lib:/pica/h1/afshin/acml/acmllib/ifort64_fma4/lib:/opt/openmpi/1.8.1gcc4.9/lib:/sw/comp/gcc/4.9_tintin/lib64:/sw/comp/gcc/4.9_tintin/lib
++ LD_LIBRARY_PATH=/pica/h1/afshin/acml/acmllib/ifort64_fma4/lib:/pica/h1/afshin/acml/acmllib/ifort64_fma4/lib:/pica/h1/afshin/acml/acmllib/ifort64_fma4/lib:/pica/h1/afshin/acml/acmllib/ifort64_fma4/lib:/pica/h1/afshin/acml/acmllib/ifort64_fma4/lib:/pica/h1/afshin/acml/acmllib/ifort64_fma4/lib:/pica/h1/afshin/acml/acmllib/ifort64_fma4/lib:/sw/comp/python/2.7.2_tintin/lib:/sw/libs/wxWidgets/lib:/pica/h1/afshin/acml/acmllib/ifort64_fma4/lib:/opt/openmpi/1.8.1gcc4.9/lib:/sw/comp/gcc/4.9_tintin/lib64:/sw/comp/gcc/4.9_tintin/lib
++ expdir=Exp10740117_N100000_P200_Q100_ftwSNF_8cores
+++ ls -d 'Exp*_N100000_P200_Q100_ftwSNF_8cores'
ls: cannot access Exp*_N100000_P200_Q100_ftwSNF_8cores: No such file or directory
++ ex=
+++ pwd
++ curd=/gulo/glob/afshin/private/FMM/out/N1e5
++ '[' zz '!=' zz ']'
++ mkdir Exp10740117_N100000_P200_Q100_ftwSNF_8cores
++ cd Exp10740117_N100000_P200_Q100_ftwSNF_8cores
++ app=../../../bin/fmm
++ indir=../../../input
++ Tree=../../../input/tree_N100000_L07_Q100_S200.txt
++ Ops=../../../input/operators_N100000_L07_Q100_S200.txt
++ ref=../../../input/result_N100000_L07_Q100_S200.txt
++ out=time_ftwSNF.txt
++ '[' '!' -f ../../../input/tree_N100000_L07_Q100_S200.txt ']'
++ ../../../bin/fmm 100000 07 100 200 8 ../../../input/tree_N100000_L07_Q100_S200.txt ../../../input/operators_N100000_L07_Q100_S200.txt ftwSNF
tid 9640 affinity 10000000000000000000000000000000000000000000000000000000000000000000000000000000000000000000000000000000000000000000000000000000
tid 9641 affinity 01000000000000000000000000000000000000000000000000000000000000000000000000000000000000000000000000000000000000000000000000000000
tid 9642 affinity 00100000000000000000000000000000000000000000000000000000000000000000000000000000000000000000000000000000000000000000000000000000
tid 9643 affinity 00010000000000000000000000000000000000000000000000000000000000000000000000000000000000000000000000000000000000000000000000000000
tid 9644 affinity 00001000000000000000000000000000000000000000000000000000000000000000000000000000000000000000000000000000000000000000000000000000
tid 9645 affinity 00000100000000000000000000000000000000000000000000000000000000000000000000000000000000000000000000000000000000000000000000000000
tid 9646 affinity 00000010000000000000000000000000000000000000000000000000000000000000000000000000000000000000000000000000000000000000000000000000
tid 9647 affinity 00000001000000000000000000000000000000000000000000000000000000000000000000000000000000000000000000000000000000000000000000000000
+++ ls ./results_f_t_S_w.txt
++ res=./results_f_t_S_w.txt
++ compare=../../../out/check_results.py
++ task_times=../../../out/task_times.py
++ missed=../../../out/missed_time.py
++ dbrec=../../../out/dbrec.py
++ ttimes=task_times.txt
++ set +x
++ python ../../../out/check_results.py ../../../input/result_N100000_L07_Q100_S200.txt ./results_f_t_S_w.txt
++ python ../../../out/task_times.py time_ftwSNF.txt
++ python ../../../out/missed_time.py time_ftwSNF.txt
Traceback (most recent call last):
  File "../../../out/missed_time.py", line 26, in <module>
    n,f,b,m=load_file(fname)
  File "../../../out/missed_time.py", line 23, in load_file
    return mvnear,mvfar,barrier,fmm
UnboundLocalError: local variable 'barrier' referenced before assignment
++ python ../../../out/dbrec.py 100000 07 200 100 8 ftwSNF time_ftwSNF.txt task_times.txt
+++ ls '*.dot'
++ cd /gulo/glob/afshin/private/FMM/out/N1e5
+ for T in 1 4 8 16
+ source ../main.sh
++ lstopo --force --of TXT topology.TXT
++ ACML_DIR=/pica/h1/afshin/acml/acmllib/ifort64_fma4
++ ACML_LIB=/pica/h1/afshin/acml/acmllib/ifort64_fma4/lib/libacml.a
++ export LD_LIBRARY_PATH=/pica/h1/afshin/acml/acmllib/ifort64_fma4/lib:/pica/h1/afshin/acml/acmllib/ifort64_fma4/lib:/pica/h1/afshin/acml/acmllib/ifort64_fma4/lib:/pica/h1/afshin/acml/acmllib/ifort64_fma4/lib:/pica/h1/afshin/acml/acmllib/ifort64_fma4/lib:/pica/h1/afshin/acml/acmllib/ifort64_fma4/lib:/pica/h1/afshin/acml/acmllib/ifort64_fma4/lib:/pica/h1/afshin/acml/acmllib/ifort64_fma4/lib:/sw/comp/python/2.7.2_tintin/lib:/sw/libs/wxWidgets/lib:/pica/h1/afshin/acml/acmllib/ifort64_fma4/lib:/opt/openmpi/1.8.1gcc4.9/lib:/sw/comp/gcc/4.9_tintin/lib64:/sw/comp/gcc/4.9_tintin/lib
++ LD_LIBRARY_PATH=/pica/h1/afshin/acml/acmllib/ifort64_fma4/lib:/pica/h1/afshin/acml/acmllib/ifort64_fma4/lib:/pica/h1/afshin/acml/acmllib/ifort64_fma4/lib:/pica/h1/afshin/acml/acmllib/ifort64_fma4/lib:/pica/h1/afshin/acml/acmllib/ifort64_fma4/lib:/pica/h1/afshin/acml/acmllib/ifort64_fma4/lib:/pica/h1/afshin/acml/acmllib/ifort64_fma4/lib:/pica/h1/afshin/acml/acmllib/ifort64_fma4/lib:/sw/comp/python/2.7.2_tintin/lib:/sw/libs/wxWidgets/lib:/pica/h1/afshin/acml/acmllib/ifort64_fma4/lib:/opt/openmpi/1.8.1gcc4.9/lib:/sw/comp/gcc/4.9_tintin/lib64:/sw/comp/gcc/4.9_tintin/lib
++ expdir=Exp10740117_N100000_P200_Q100_ftwSNF_16cores
+++ ls -d 'Exp*_N100000_P200_Q100_ftwSNF_16cores'
ls: cannot access Exp*_N100000_P200_Q100_ftwSNF_16cores: No such file or directory
++ ex=
+++ pwd
++ curd=/gulo/glob/afshin/private/FMM/out/N1e5
++ '[' zz '!=' zz ']'
++ mkdir Exp10740117_N100000_P200_Q100_ftwSNF_16cores
++ cd Exp10740117_N100000_P200_Q100_ftwSNF_16cores
++ app=../../../bin/fmm
++ indir=../../../input
++ Tree=../../../input/tree_N100000_L07_Q100_S200.txt
++ Ops=../../../input/operators_N100000_L07_Q100_S200.txt
++ ref=../../../input/result_N100000_L07_Q100_S200.txt
++ out=time_ftwSNF.txt
++ '[' '!' -f ../../../input/tree_N100000_L07_Q100_S200.txt ']'
++ ../../../bin/fmm 100000 07 100 200 16 ../../../input/tree_N100000_L07_Q100_S200.txt ../../../input/operators_N100000_L07_Q100_S200.txt ftwSNF
tid 9676 affinity 10000000000000000000000000000000000000000000000000000000000000000000000000000000000000000000000000000000000000000000000000000000
tid 9677 affinity 01000000000000000000000000000000000000000000000000000000000000000000000000000000000000000000000000000000000000000000000000000000
tid 9678 affinity 00100000000000000000000000000000000000000000000000000000000000000000000000000000000000000000000000000000000000000000000000000000
tid 9679 affinity 00010000000000000000000000000000000000000000000000000000000000000000000000000000000000000000000000000000000000000000000000000000
tid 9680 affinity 00001000000000000000000000000000000000000000000000000000000000000000000000000000000000000000000000000000000000000000000000000000
tid 9681 affinity 00000100000000000000000000000000000000000000000000000000000000000000000000000000000000000000000000000000000000000000000000000000
tid 9682 affinity 00000010000000000000000000000000000000000000000000000000000000000000000000000000000000000000000000000000000000000000000000000000
tid 9683 affinity 00000001000000000000000000000000000000000000000000000000000000000000000000000000000000000000000000000000000000000000000000000000
tid 9684 affinity 00000000100000000000000000000000000000000000000000000000000000000000000000000000000000000000000000000000000000000000000000000000
tid 9685 affinity 00000000010000000000000000000000000000000000000000000000000000000000000000000000000000000000000000000000000000000000000000000000
tid 9686 affinity 00000000001000000000000000000000000000000000000000000000000000000000000000000000000000000000000000000000000000000000000000000000
tid 9687 affinity 00000000000100000000000000000000000000000000000000000000000000000000000000000000000000000000000000000000000000000000000000000000
tid 9688 affinity 00000000000010000000000000000000000000000000000000000000000000000000000000000000000000000000000000000000000000000000000000000000
tid 9689 affinity 00000000000001000000000000000000000000000000000000000000000000000000000000000000000000000000000000000000000000000000000000000000
tid 9690 affinity 00000000000000100000000000000000000000000000000000000000000000000000000000000000000000000000000000000000000000000000000000000000
tid 9691 affinity 00000000000000010000000000000000000000000000000000000000000000000000000000000000000000000000000000000000000000000000000000000000
+++ ls ./results_f_t_S_w.txt
++ res=./results_f_t_S_w.txt
++ compare=../../../out/check_results.py
++ task_times=../../../out/task_times.py
++ missed=../../../out/missed_time.py
++ dbrec=../../../out/dbrec.py
++ ttimes=task_times.txt
++ set +x
++ python ../../../out/check_results.py ../../../input/result_N100000_L07_Q100_S200.txt ./results_f_t_S_w.txt
++ python ../../../out/task_times.py time_ftwSNF.txt
++ python ../../../out/missed_time.py time_ftwSNF.txt
Traceback (most recent call last):
  File "../../../out/missed_time.py", line 26, in <module>
    n,f,b,m=load_file(fname)
  File "../../../out/missed_time.py", line 23, in load_file
    return mvnear,mvfar,barrier,fmm
UnboundLocalError: local variable 'barrier' referenced before assignment
++ python ../../../out/dbrec.py 100000 07 200 100 16 ftwSNF time_ftwSNF.txt task_times.txt
+++ ls '*.dot'
++ cd /gulo/glob/afshin/private/FMM/out/N1e5
+ T=1
+ flags=fswSNF
+ source ../main.sh
++ lstopo --force --of TXT topology.TXT
++ ACML_DIR=/pica/h1/afshin/acml/acmllib/ifort64_fma4
++ ACML_LIB=/pica/h1/afshin/acml/acmllib/ifort64_fma4/lib/libacml.a
++ export LD_LIBRARY_PATH=/pica/h1/afshin/acml/acmllib/ifort64_fma4/lib:/pica/h1/afshin/acml/acmllib/ifort64_fma4/lib:/pica/h1/afshin/acml/acmllib/ifort64_fma4/lib:/pica/h1/afshin/acml/acmllib/ifort64_fma4/lib:/pica/h1/afshin/acml/acmllib/ifort64_fma4/lib:/pica/h1/afshin/acml/acmllib/ifort64_fma4/lib:/pica/h1/afshin/acml/acmllib/ifort64_fma4/lib:/pica/h1/afshin/acml/acmllib/ifort64_fma4/lib:/pica/h1/afshin/acml/acmllib/ifort64_fma4/lib:/sw/comp/python/2.7.2_tintin/lib:/sw/libs/wxWidgets/lib:/pica/h1/afshin/acml/acmllib/ifort64_fma4/lib:/opt/openmpi/1.8.1gcc4.9/lib:/sw/comp/gcc/4.9_tintin/lib64:/sw/comp/gcc/4.9_tintin/lib
++ LD_LIBRARY_PATH=/pica/h1/afshin/acml/acmllib/ifort64_fma4/lib:/pica/h1/afshin/acml/acmllib/ifort64_fma4/lib:/pica/h1/afshin/acml/acmllib/ifort64_fma4/lib:/pica/h1/afshin/acml/acmllib/ifort64_fma4/lib:/pica/h1/afshin/acml/acmllib/ifort64_fma4/lib:/pica/h1/afshin/acml/acmllib/ifort64_fma4/lib:/pica/h1/afshin/acml/acmllib/ifort64_fma4/lib:/pica/h1/afshin/acml/acmllib/ifort64_fma4/lib:/pica/h1/afshin/acml/acmllib/ifort64_fma4/lib:/sw/comp/python/2.7.2_tintin/lib:/sw/libs/wxWidgets/lib:/pica/h1/afshin/acml/acmllib/ifort64_fma4/lib:/opt/openmpi/1.8.1gcc4.9/lib:/sw/comp/gcc/4.9_tintin/lib64:/sw/comp/gcc/4.9_tintin/lib
++ expdir=Exp10740117_N100000_P200_Q100_fswSNF_1cores
+++ ls -d 'Exp*_N100000_P200_Q100_fswSNF_1cores'
ls: cannot access Exp*_N100000_P200_Q100_fswSNF_1cores: No such file or directory
++ ex=
+++ pwd
++ curd=/gulo/glob/afshin/private/FMM/out/N1e5
++ '[' zz '!=' zz ']'
++ mkdir Exp10740117_N100000_P200_Q100_fswSNF_1cores
++ cd Exp10740117_N100000_P200_Q100_fswSNF_1cores
++ app=../../../bin/fmm
++ indir=../../../input
++ Tree=../../../input/tree_N100000_L07_Q100_S200.txt
++ Ops=../../../input/operators_N100000_L07_Q100_S200.txt
++ ref=../../../input/result_N100000_L07_Q100_S200.txt
++ out=time_fswSNF.txt
++ '[' '!' -f ../../../input/tree_N100000_L07_Q100_S200.txt ']'
++ ../../../bin/fmm 100000 07 100 200 1 ../../../input/tree_N100000_L07_Q100_S200.txt ../../../input/operators_N100000_L07_Q100_S200.txt fswSNF
tid 9709 affinity 11111111111111110000000000000000000000000000000000000000000000000000000000000000000000000000000000000000000000000000000000000000
+++ ls ./results_f_s_S_w.txt
++ res=./results_f_s_S_w.txt
++ compare=../../../out/check_results.py
++ task_times=../../../out/task_times.py
++ missed=../../../out/missed_time.py
++ dbrec=../../../out/dbrec.py
++ ttimes=task_times.txt
++ set +x
++ python ../../../out/check_results.py ../../../input/result_N100000_L07_Q100_S200.txt ./results_f_s_S_w.txt
++ python ../../../out/task_times.py time_fswSNF.txt
++ python ../../../out/missed_time.py time_fswSNF.txt
Traceback (most recent call last):
  File "../../../out/missed_time.py", line 26, in <module>
    n,f,b,m=load_file(fname)
  File "../../../out/missed_time.py", line 23, in load_file
    return mvnear,mvfar,barrier,fmm
UnboundLocalError: local variable 'barrier' referenced before assignment
++ python ../../../out/dbrec.py 100000 07 200 100 1 fswSNF time_fswSNF.txt task_times.txt
+++ ls '*.dot'
++ cd /gulo/glob/afshin/private/FMM/out/N1e5
+ flags=ftwSNF
+ S=300
+ Q=100
+ '[' 300 -eq 400 ']'
+ '[' 300 -eq 200 ']'
+ '[' 300 -eq 300 ']'
+ L=07
+ '[' 300 -eq 100 ']'
+ '[' 300 -eq 050 ']'
+ for T in 1 4 8 16
+ source ../main.sh
++ lstopo --force --of TXT topology.TXT
++ ACML_DIR=/pica/h1/afshin/acml/acmllib/ifort64_fma4
++ ACML_LIB=/pica/h1/afshin/acml/acmllib/ifort64_fma4/lib/libacml.a
++ export LD_LIBRARY_PATH=/pica/h1/afshin/acml/acmllib/ifort64_fma4/lib:/pica/h1/afshin/acml/acmllib/ifort64_fma4/lib:/pica/h1/afshin/acml/acmllib/ifort64_fma4/lib:/pica/h1/afshin/acml/acmllib/ifort64_fma4/lib:/pica/h1/afshin/acml/acmllib/ifort64_fma4/lib:/pica/h1/afshin/acml/acmllib/ifort64_fma4/lib:/pica/h1/afshin/acml/acmllib/ifort64_fma4/lib:/pica/h1/afshin/acml/acmllib/ifort64_fma4/lib:/pica/h1/afshin/acml/acmllib/ifort64_fma4/lib:/pica/h1/afshin/acml/acmllib/ifort64_fma4/lib:/sw/comp/python/2.7.2_tintin/lib:/sw/libs/wxWidgets/lib:/pica/h1/afshin/acml/acmllib/ifort64_fma4/lib:/opt/openmpi/1.8.1gcc4.9/lib:/sw/comp/gcc/4.9_tintin/lib64:/sw/comp/gcc/4.9_tintin/lib
++ LD_LIBRARY_PATH=/pica/h1/afshin/acml/acmllib/ifort64_fma4/lib:/pica/h1/afshin/acml/acmllib/ifort64_fma4/lib:/pica/h1/afshin/acml/acmllib/ifort64_fma4/lib:/pica/h1/afshin/acml/acmllib/ifort64_fma4/lib:/pica/h1/afshin/acml/acmllib/ifort64_fma4/lib:/pica/h1/afshin/acml/acmllib/ifort64_fma4/lib:/pica/h1/afshin/acml/acmllib/ifort64_fma4/lib:/pica/h1/afshin/acml/acmllib/ifort64_fma4/lib:/pica/h1/afshin/acml/acmllib/ifort64_fma4/lib:/pica/h1/afshin/acml/acmllib/ifort64_fma4/lib:/sw/comp/python/2.7.2_tintin/lib:/sw/libs/wxWidgets/lib:/pica/h1/afshin/acml/acmllib/ifort64_fma4/lib:/opt/openmpi/1.8.1gcc4.9/lib:/sw/comp/gcc/4.9_tintin/lib64:/sw/comp/gcc/4.9_tintin/lib
++ expdir=Exp10740117_N100000_P300_Q100_ftwSNF_1cores
+++ ls -d 'Exp*_N100000_P300_Q100_ftwSNF_1cores'
ls: cannot access Exp*_N100000_P300_Q100_ftwSNF_1cores: No such file or directory
++ ex=
+++ pwd
++ curd=/gulo/glob/afshin/private/FMM/out/N1e5
++ '[' zz '!=' zz ']'
++ mkdir Exp10740117_N100000_P300_Q100_ftwSNF_1cores
++ cd Exp10740117_N100000_P300_Q100_ftwSNF_1cores
++ app=../../../bin/fmm
++ indir=../../../input
++ Tree=../../../input/tree_N100000_L07_Q100_S300.txt
++ Ops=../../../input/operators_N100000_L07_Q100_S300.txt
++ ref=../../../input/result_N100000_L07_Q100_S300.txt
++ out=time_ftwSNF.txt
++ '[' '!' -f ../../../input/tree_N100000_L07_Q100_S300.txt ']'
++ ../../../bin/fmm 100000 07 100 300 1 ../../../input/tree_N100000_L07_Q100_S300.txt ../../../input/operators_N100000_L07_Q100_S300.txt ftwSNF
tid 9753 affinity 10000000000000000000000000000000000000000000000000000000000000000000000000000000000000000000000000000000000000000000000000000000
+++ ls ./results_f_t_S_w.txt
++ res=./results_f_t_S_w.txt
++ compare=../../../out/check_results.py
++ task_times=../../../out/task_times.py
++ missed=../../../out/missed_time.py
++ dbrec=../../../out/dbrec.py
++ ttimes=task_times.txt
++ set +x
++ python ../../../out/check_results.py ../../../input/result_N100000_L07_Q100_S300.txt ./results_f_t_S_w.txt
++ python ../../../out/task_times.py time_ftwSNF.txt
++ python ../../../out/missed_time.py time_ftwSNF.txt
Traceback (most recent call last):
  File "../../../out/missed_time.py", line 26, in <module>
    n,f,b,m=load_file(fname)
  File "../../../out/missed_time.py", line 23, in load_file
    return mvnear,mvfar,barrier,fmm
UnboundLocalError: local variable 'barrier' referenced before assignment
++ python ../../../out/dbrec.py 100000 07 300 100 1 ftwSNF time_ftwSNF.txt task_times.txt
+++ ls '*.dot'
++ cd /gulo/glob/afshin/private/FMM/out/N1e5
+ for T in 1 4 8 16
+ source ../main.sh
++ lstopo --force --of TXT topology.TXT
++ ACML_DIR=/pica/h1/afshin/acml/acmllib/ifort64_fma4
++ ACML_LIB=/pica/h1/afshin/acml/acmllib/ifort64_fma4/lib/libacml.a
++ export LD_LIBRARY_PATH=/pica/h1/afshin/acml/acmllib/ifort64_fma4/lib:/pica/h1/afshin/acml/acmllib/ifort64_fma4/lib:/pica/h1/afshin/acml/acmllib/ifort64_fma4/lib:/pica/h1/afshin/acml/acmllib/ifort64_fma4/lib:/pica/h1/afshin/acml/acmllib/ifort64_fma4/lib:/pica/h1/afshin/acml/acmllib/ifort64_fma4/lib:/pica/h1/afshin/acml/acmllib/ifort64_fma4/lib:/pica/h1/afshin/acml/acmllib/ifort64_fma4/lib:/pica/h1/afshin/acml/acmllib/ifort64_fma4/lib:/pica/h1/afshin/acml/acmllib/ifort64_fma4/lib:/pica/h1/afshin/acml/acmllib/ifort64_fma4/lib:/sw/comp/python/2.7.2_tintin/lib:/sw/libs/wxWidgets/lib:/pica/h1/afshin/acml/acmllib/ifort64_fma4/lib:/opt/openmpi/1.8.1gcc4.9/lib:/sw/comp/gcc/4.9_tintin/lib64:/sw/comp/gcc/4.9_tintin/lib
++ LD_LIBRARY_PATH=/pica/h1/afshin/acml/acmllib/ifort64_fma4/lib:/pica/h1/afshin/acml/acmllib/ifort64_fma4/lib:/pica/h1/afshin/acml/acmllib/ifort64_fma4/lib:/pica/h1/afshin/acml/acmllib/ifort64_fma4/lib:/pica/h1/afshin/acml/acmllib/ifort64_fma4/lib:/pica/h1/afshin/acml/acmllib/ifort64_fma4/lib:/pica/h1/afshin/acml/acmllib/ifort64_fma4/lib:/pica/h1/afshin/acml/acmllib/ifort64_fma4/lib:/pica/h1/afshin/acml/acmllib/ifort64_fma4/lib:/pica/h1/afshin/acml/acmllib/ifort64_fma4/lib:/pica/h1/afshin/acml/acmllib/ifort64_fma4/lib:/sw/comp/python/2.7.2_tintin/lib:/sw/libs/wxWidgets/lib:/pica/h1/afshin/acml/acmllib/ifort64_fma4/lib:/opt/openmpi/1.8.1gcc4.9/lib:/sw/comp/gcc/4.9_tintin/lib64:/sw/comp/gcc/4.9_tintin/lib
++ expdir=Exp10740117_N100000_P300_Q100_ftwSNF_4cores
+++ ls -d 'Exp*_N100000_P300_Q100_ftwSNF_4cores'
ls: cannot access Exp*_N100000_P300_Q100_ftwSNF_4cores: No such file or directory
++ ex=
+++ pwd
++ curd=/gulo/glob/afshin/private/FMM/out/N1e5
++ '[' zz '!=' zz ']'
++ mkdir Exp10740117_N100000_P300_Q100_ftwSNF_4cores
++ cd Exp10740117_N100000_P300_Q100_ftwSNF_4cores
++ app=../../../bin/fmm
++ indir=../../../input
++ Tree=../../../input/tree_N100000_L07_Q100_S300.txt
++ Ops=../../../input/operators_N100000_L07_Q100_S300.txt
++ ref=../../../input/result_N100000_L07_Q100_S300.txt
++ out=time_ftwSNF.txt
++ '[' '!' -f ../../../input/tree_N100000_L07_Q100_S300.txt ']'
++ ../../../bin/fmm 100000 07 100 300 4 ../../../input/tree_N100000_L07_Q100_S300.txt ../../../input/operators_N100000_L07_Q100_S300.txt ftwSNF
tid 9950 affinity 10000000000000000000000000000000000000000000000000000000000000000000000000000000000000000000000000000000000000000000000000000000
tid 9951 affinity 01000000000000000000000000000000000000000000000000000000000000000000000000000000000000000000000000000000000000000000000000000000
tid 9952 affinity 00100000000000000000000000000000000000000000000000000000000000000000000000000000000000000000000000000000000000000000000000000000
tid 9953 affinity 00010000000000000000000000000000000000000000000000000000000000000000000000000000000000000000000000000000000000000000000000000000
+++ ls ./results_f_t_S_w.txt
++ res=./results_f_t_S_w.txt
++ compare=../../../out/check_results.py
++ task_times=../../../out/task_times.py
++ missed=../../../out/missed_time.py
++ dbrec=../../../out/dbrec.py
++ ttimes=task_times.txt
++ set +x
++ python ../../../out/check_results.py ../../../input/result_N100000_L07_Q100_S300.txt ./results_f_t_S_w.txt
++ python ../../../out/task_times.py time_ftwSNF.txt
++ python ../../../out/missed_time.py time_ftwSNF.txt
Traceback (most recent call last):
  File "../../../out/missed_time.py", line 26, in <module>
    n,f,b,m=load_file(fname)
  File "../../../out/missed_time.py", line 23, in load_file
    return mvnear,mvfar,barrier,fmm
UnboundLocalError: local variable 'barrier' referenced before assignment
++ python ../../../out/dbrec.py 100000 07 300 100 4 ftwSNF time_ftwSNF.txt task_times.txt
+++ ls '*.dot'
++ cd /gulo/glob/afshin/private/FMM/out/N1e5
+ for T in 1 4 8 16
+ source ../main.sh
++ lstopo --force --of TXT topology.TXT
++ ACML_DIR=/pica/h1/afshin/acml/acmllib/ifort64_fma4
++ ACML_LIB=/pica/h1/afshin/acml/acmllib/ifort64_fma4/lib/libacml.a
++ export LD_LIBRARY_PATH=/pica/h1/afshin/acml/acmllib/ifort64_fma4/lib:/pica/h1/afshin/acml/acmllib/ifort64_fma4/lib:/pica/h1/afshin/acml/acmllib/ifort64_fma4/lib:/pica/h1/afshin/acml/acmllib/ifort64_fma4/lib:/pica/h1/afshin/acml/acmllib/ifort64_fma4/lib:/pica/h1/afshin/acml/acmllib/ifort64_fma4/lib:/pica/h1/afshin/acml/acmllib/ifort64_fma4/lib:/pica/h1/afshin/acml/acmllib/ifort64_fma4/lib:/pica/h1/afshin/acml/acmllib/ifort64_fma4/lib:/pica/h1/afshin/acml/acmllib/ifort64_fma4/lib:/pica/h1/afshin/acml/acmllib/ifort64_fma4/lib:/pica/h1/afshin/acml/acmllib/ifort64_fma4/lib:/sw/comp/python/2.7.2_tintin/lib:/sw/libs/wxWidgets/lib:/pica/h1/afshin/acml/acmllib/ifort64_fma4/lib:/opt/openmpi/1.8.1gcc4.9/lib:/sw/comp/gcc/4.9_tintin/lib64:/sw/comp/gcc/4.9_tintin/lib
++ LD_LIBRARY_PATH=/pica/h1/afshin/acml/acmllib/ifort64_fma4/lib:/pica/h1/afshin/acml/acmllib/ifort64_fma4/lib:/pica/h1/afshin/acml/acmllib/ifort64_fma4/lib:/pica/h1/afshin/acml/acmllib/ifort64_fma4/lib:/pica/h1/afshin/acml/acmllib/ifort64_fma4/lib:/pica/h1/afshin/acml/acmllib/ifort64_fma4/lib:/pica/h1/afshin/acml/acmllib/ifort64_fma4/lib:/pica/h1/afshin/acml/acmllib/ifort64_fma4/lib:/pica/h1/afshin/acml/acmllib/ifort64_fma4/lib:/pica/h1/afshin/acml/acmllib/ifort64_fma4/lib:/pica/h1/afshin/acml/acmllib/ifort64_fma4/lib:/pica/h1/afshin/acml/acmllib/ifort64_fma4/lib:/sw/comp/python/2.7.2_tintin/lib:/sw/libs/wxWidgets/lib:/pica/h1/afshin/acml/acmllib/ifort64_fma4/lib:/opt/openmpi/1.8.1gcc4.9/lib:/sw/comp/gcc/4.9_tintin/lib64:/sw/comp/gcc/4.9_tintin/lib
++ expdir=Exp10740117_N100000_P300_Q100_ftwSNF_8cores
+++ ls -d 'Exp*_N100000_P300_Q100_ftwSNF_8cores'
ls: cannot access Exp*_N100000_P300_Q100_ftwSNF_8cores: No such file or directory
++ ex=
+++ pwd
++ curd=/gulo/glob/afshin/private/FMM/out/N1e5
++ '[' zz '!=' zz ']'
++ mkdir Exp10740117_N100000_P300_Q100_ftwSNF_8cores
++ cd Exp10740117_N100000_P300_Q100_ftwSNF_8cores
++ app=../../../bin/fmm
++ indir=../../../input
++ Tree=../../../input/tree_N100000_L07_Q100_S300.txt
++ Ops=../../../input/operators_N100000_L07_Q100_S300.txt
++ ref=../../../input/result_N100000_L07_Q100_S300.txt
++ out=time_ftwSNF.txt
++ '[' '!' -f ../../../input/tree_N100000_L07_Q100_S300.txt ']'
++ ../../../bin/fmm 100000 07 100 300 8 ../../../input/tree_N100000_L07_Q100_S300.txt ../../../input/operators_N100000_L07_Q100_S300.txt ftwSNF
tid 9989 affinity 10000000000000000000000000000000000000000000000000000000000000000000000000000000000000000000000000000000000000000000000000000000
tid 9990 affinity 01000000000000000000000000000000000000000000000000000000000000000000000000000000000000000000000000000000000000000000000000000000
tid 9991 affinity 00100000000000000000000000000000000000000000000000000000000000000000000000000000000000000000000000000000000000000000000000000000
tid 9992 affinity 00010000000000000000000000000000000000000000000000000000000000000000000000000000000000000000000000000000000000000000000000000000
tid 9993 affinity 00001000000000000000000000000000000000000000000000000000000000000000000000000000000000000000000000000000000000000000000000000000
tid 9994 affinity 00000100000000000000000000000000000000000000000000000000000000000000000000000000000000000000000000000000000000000000000000000000
tid 9995 affinity 00000010000000000000000000000000000000000000000000000000000000000000000000000000000000000000000000000000000000000000000000000000
tid 9996 affinity 00000001000000000000000000000000000000000000000000000000000000000000000000000000000000000000000000000000000000000000000000000000
+++ ls ./results_f_t_S_w.txt
++ res=./results_f_t_S_w.txt
++ compare=../../../out/check_results.py
++ task_times=../../../out/task_times.py
++ missed=../../../out/missed_time.py
++ dbrec=../../../out/dbrec.py
++ ttimes=task_times.txt
++ set +x
++ python ../../../out/check_results.py ../../../input/result_N100000_L07_Q100_S300.txt ./results_f_t_S_w.txt
++ python ../../../out/task_times.py time_ftwSNF.txt
++ python ../../../out/missed_time.py time_ftwSNF.txt
Traceback (most recent call last):
  File "../../../out/missed_time.py", line 26, in <module>
    n,f,b,m=load_file(fname)
  File "../../../out/missed_time.py", line 23, in load_file
    return mvnear,mvfar,barrier,fmm
UnboundLocalError: local variable 'barrier' referenced before assignment
++ python ../../../out/dbrec.py 100000 07 300 100 8 ftwSNF time_ftwSNF.txt task_times.txt
+++ ls '*.dot'
++ cd /gulo/glob/afshin/private/FMM/out/N1e5
+ for T in 1 4 8 16
+ source ../main.sh
++ lstopo --force --of TXT topology.TXT
++ ACML_DIR=/pica/h1/afshin/acml/acmllib/ifort64_fma4
++ ACML_LIB=/pica/h1/afshin/acml/acmllib/ifort64_fma4/lib/libacml.a
++ export LD_LIBRARY_PATH=/pica/h1/afshin/acml/acmllib/ifort64_fma4/lib:/pica/h1/afshin/acml/acmllib/ifort64_fma4/lib:/pica/h1/afshin/acml/acmllib/ifort64_fma4/lib:/pica/h1/afshin/acml/acmllib/ifort64_fma4/lib:/pica/h1/afshin/acml/acmllib/ifort64_fma4/lib:/pica/h1/afshin/acml/acmllib/ifort64_fma4/lib:/pica/h1/afshin/acml/acmllib/ifort64_fma4/lib:/pica/h1/afshin/acml/acmllib/ifort64_fma4/lib:/pica/h1/afshin/acml/acmllib/ifort64_fma4/lib:/pica/h1/afshin/acml/acmllib/ifort64_fma4/lib:/pica/h1/afshin/acml/acmllib/ifort64_fma4/lib:/pica/h1/afshin/acml/acmllib/ifort64_fma4/lib:/pica/h1/afshin/acml/acmllib/ifort64_fma4/lib:/sw/comp/python/2.7.2_tintin/lib:/sw/libs/wxWidgets/lib:/pica/h1/afshin/acml/acmllib/ifort64_fma4/lib:/opt/openmpi/1.8.1gcc4.9/lib:/sw/comp/gcc/4.9_tintin/lib64:/sw/comp/gcc/4.9_tintin/lib
++ LD_LIBRARY_PATH=/pica/h1/afshin/acml/acmllib/ifort64_fma4/lib:/pica/h1/afshin/acml/acmllib/ifort64_fma4/lib:/pica/h1/afshin/acml/acmllib/ifort64_fma4/lib:/pica/h1/afshin/acml/acmllib/ifort64_fma4/lib:/pica/h1/afshin/acml/acmllib/ifort64_fma4/lib:/pica/h1/afshin/acml/acmllib/ifort64_fma4/lib:/pica/h1/afshin/acml/acmllib/ifort64_fma4/lib:/pica/h1/afshin/acml/acmllib/ifort64_fma4/lib:/pica/h1/afshin/acml/acmllib/ifort64_fma4/lib:/pica/h1/afshin/acml/acmllib/ifort64_fma4/lib:/pica/h1/afshin/acml/acmllib/ifort64_fma4/lib:/pica/h1/afshin/acml/acmllib/ifort64_fma4/lib:/pica/h1/afshin/acml/acmllib/ifort64_fma4/lib:/sw/comp/python/2.7.2_tintin/lib:/sw/libs/wxWidgets/lib:/pica/h1/afshin/acml/acmllib/ifort64_fma4/lib:/opt/openmpi/1.8.1gcc4.9/lib:/sw/comp/gcc/4.9_tintin/lib64:/sw/comp/gcc/4.9_tintin/lib
++ expdir=Exp10740117_N100000_P300_Q100_ftwSNF_16cores
+++ ls -d 'Exp*_N100000_P300_Q100_ftwSNF_16cores'
ls: cannot access Exp*_N100000_P300_Q100_ftwSNF_16cores: No such file or directory
++ ex=
+++ pwd
++ curd=/gulo/glob/afshin/private/FMM/out/N1e5
++ '[' zz '!=' zz ']'
++ mkdir Exp10740117_N100000_P300_Q100_ftwSNF_16cores
++ cd Exp10740117_N100000_P300_Q100_ftwSNF_16cores
++ app=../../../bin/fmm
++ indir=../../../input
++ Tree=../../../input/tree_N100000_L07_Q100_S300.txt
++ Ops=../../../input/operators_N100000_L07_Q100_S300.txt
++ ref=../../../input/result_N100000_L07_Q100_S300.txt
++ out=time_ftwSNF.txt
++ '[' '!' -f ../../../input/tree_N100000_L07_Q100_S300.txt ']'
++ ../../../bin/fmm 100000 07 100 300 16 ../../../input/tree_N100000_L07_Q100_S300.txt ../../../input/operators_N100000_L07_Q100_S300.txt ftwSNF
tid 10015 affinity 10000000000000000000000000000000000000000000000000000000000000000000000000000000000000000000000000000000000000000000000000000000
tid 10016 affinity 01000000000000000000000000000000000000000000000000000000000000000000000000000000000000000000000000000000000000000000000000000000
tid 10017 affinity 00100000000000000000000000000000000000000000000000000000000000000000000000000000000000000000000000000000000000000000000000000000
tid 10018 affinity 00010000000000000000000000000000000000000000000000000000000000000000000000000000000000000000000000000000000000000000000000000000
tid 10019 affinity 00001000000000000000000000000000000000000000000000000000000000000000000000000000000000000000000000000000000000000000000000000000
tid 10020 affinity 00000100000000000000000000000000000000000000000000000000000000000000000000000000000000000000000000000000000000000000000000000000
tid 10021 affinity 00000010000000000000000000000000000000000000000000000000000000000000000000000000000000000000000000000000000000000000000000000000
tid 10022 affinity 00000001000000000000000000000000000000000000000000000000000000000000000000000000000000000000000000000000000000000000000000000000
tid 10023 affinity 00000000100000000000000000000000000000000000000000000000000000000000000000000000000000000000000000000000000000000000000000000000
tid 10024 affinity 00000000010000000000000000000000000000000000000000000000000000000000000000000000000000000000000000000000000000000000000000000000
tid 10025 affinity 00000000001000000000000000000000000000000000000000000000000000000000000000000000000000000000000000000000000000000000000000000000
tid 10026 affinity 00000000000100000000000000000000000000000000000000000000000000000000000000000000000000000000000000000000000000000000000000000000
tid 10027 affinity 00000000000010000000000000000000000000000000000000000000000000000000000000000000000000000000000000000000000000000000000000000000
tid 10028 affinity 00000000000001000000000000000000000000000000000000000000000000000000000000000000000000000000000000000000000000000000000000000000
tid 10029 affinity 00000000000000100000000000000000000000000000000000000000000000000000000000000000000000000000000000000000000000000000000000000000
tid 10030 affinity 00000000000000010000000000000000000000000000000000000000000000000000000000000000000000000000000000000000000000000000000000000000
+++ ls ./results_f_t_S_w.txt
++ res=./results_f_t_S_w.txt
++ compare=../../../out/check_results.py
++ task_times=../../../out/task_times.py
++ missed=../../../out/missed_time.py
++ dbrec=../../../out/dbrec.py
++ ttimes=task_times.txt
++ set +x
++ python ../../../out/check_results.py ../../../input/result_N100000_L07_Q100_S300.txt ./results_f_t_S_w.txt
++ python ../../../out/task_times.py time_ftwSNF.txt
++ python ../../../out/missed_time.py time_ftwSNF.txt
Traceback (most recent call last):
  File "../../../out/missed_time.py", line 26, in <module>
    n,f,b,m=load_file(fname)
  File "../../../out/missed_time.py", line 23, in load_file
    return mvnear,mvfar,barrier,fmm
UnboundLocalError: local variable 'barrier' referenced before assignment
++ python ../../../out/dbrec.py 100000 07 300 100 16 ftwSNF time_ftwSNF.txt task_times.txt
+++ ls '*.dot'
++ cd /gulo/glob/afshin/private/FMM/out/N1e5
+ T=1
+ flags=fswSNF
+ source ../main.sh
++ lstopo --force --of TXT topology.TXT
++ ACML_DIR=/pica/h1/afshin/acml/acmllib/ifort64_fma4
++ ACML_LIB=/pica/h1/afshin/acml/acmllib/ifort64_fma4/lib/libacml.a
++ export LD_LIBRARY_PATH=/pica/h1/afshin/acml/acmllib/ifort64_fma4/lib:/pica/h1/afshin/acml/acmllib/ifort64_fma4/lib:/pica/h1/afshin/acml/acmllib/ifort64_fma4/lib:/pica/h1/afshin/acml/acmllib/ifort64_fma4/lib:/pica/h1/afshin/acml/acmllib/ifort64_fma4/lib:/pica/h1/afshin/acml/acmllib/ifort64_fma4/lib:/pica/h1/afshin/acml/acmllib/ifort64_fma4/lib:/pica/h1/afshin/acml/acmllib/ifort64_fma4/lib:/pica/h1/afshin/acml/acmllib/ifort64_fma4/lib:/pica/h1/afshin/acml/acmllib/ifort64_fma4/lib:/pica/h1/afshin/acml/acmllib/ifort64_fma4/lib:/pica/h1/afshin/acml/acmllib/ifort64_fma4/lib:/pica/h1/afshin/acml/acmllib/ifort64_fma4/lib:/pica/h1/afshin/acml/acmllib/ifort64_fma4/lib:/sw/comp/python/2.7.2_tintin/lib:/sw/libs/wxWidgets/lib:/pica/h1/afshin/acml/acmllib/ifort64_fma4/lib:/opt/openmpi/1.8.1gcc4.9/lib:/sw/comp/gcc/4.9_tintin/lib64:/sw/comp/gcc/4.9_tintin/lib
++ LD_LIBRARY_PATH=/pica/h1/afshin/acml/acmllib/ifort64_fma4/lib:/pica/h1/afshin/acml/acmllib/ifort64_fma4/lib:/pica/h1/afshin/acml/acmllib/ifort64_fma4/lib:/pica/h1/afshin/acml/acmllib/ifort64_fma4/lib:/pica/h1/afshin/acml/acmllib/ifort64_fma4/lib:/pica/h1/afshin/acml/acmllib/ifort64_fma4/lib:/pica/h1/afshin/acml/acmllib/ifort64_fma4/lib:/pica/h1/afshin/acml/acmllib/ifort64_fma4/lib:/pica/h1/afshin/acml/acmllib/ifort64_fma4/lib:/pica/h1/afshin/acml/acmllib/ifort64_fma4/lib:/pica/h1/afshin/acml/acmllib/ifort64_fma4/lib:/pica/h1/afshin/acml/acmllib/ifort64_fma4/lib:/pica/h1/afshin/acml/acmllib/ifort64_fma4/lib:/pica/h1/afshin/acml/acmllib/ifort64_fma4/lib:/sw/comp/python/2.7.2_tintin/lib:/sw/libs/wxWidgets/lib:/pica/h1/afshin/acml/acmllib/ifort64_fma4/lib:/opt/openmpi/1.8.1gcc4.9/lib:/sw/comp/gcc/4.9_tintin/lib64:/sw/comp/gcc/4.9_tintin/lib
++ expdir=Exp10740117_N100000_P300_Q100_fswSNF_1cores
+++ ls -d 'Exp*_N100000_P300_Q100_fswSNF_1cores'
ls: cannot access Exp*_N100000_P300_Q100_fswSNF_1cores: No such file or directory
++ ex=
+++ pwd
++ curd=/gulo/glob/afshin/private/FMM/out/N1e5
++ '[' zz '!=' zz ']'
++ mkdir Exp10740117_N100000_P300_Q100_fswSNF_1cores
++ cd Exp10740117_N100000_P300_Q100_fswSNF_1cores
++ app=../../../bin/fmm
++ indir=../../../input
++ Tree=../../../input/tree_N100000_L07_Q100_S300.txt
++ Ops=../../../input/operators_N100000_L07_Q100_S300.txt
++ ref=../../../input/result_N100000_L07_Q100_S300.txt
++ out=time_fswSNF.txt
++ '[' '!' -f ../../../input/tree_N100000_L07_Q100_S300.txt ']'
++ ../../../bin/fmm 100000 07 100 300 1 ../../../input/tree_N100000_L07_Q100_S300.txt ../../../input/operators_N100000_L07_Q100_S300.txt fswSNF
tid 10048 affinity 11111111111111110000000000000000000000000000000000000000000000000000000000000000000000000000000000000000000000000000000000000000
+++ ls ./results_f_s_S_w.txt
++ res=./results_f_s_S_w.txt
++ compare=../../../out/check_results.py
++ task_times=../../../out/task_times.py
++ missed=../../../out/missed_time.py
++ dbrec=../../../out/dbrec.py
++ ttimes=task_times.txt
++ set +x
++ python ../../../out/check_results.py ../../../input/result_N100000_L07_Q100_S300.txt ./results_f_s_S_w.txt
++ python ../../../out/task_times.py time_fswSNF.txt
++ python ../../../out/missed_time.py time_fswSNF.txt
Traceback (most recent call last):
  File "../../../out/missed_time.py", line 26, in <module>
    n,f,b,m=load_file(fname)
  File "../../../out/missed_time.py", line 23, in load_file
    return mvnear,mvfar,barrier,fmm
UnboundLocalError: local variable 'barrier' referenced before assignment
++ python ../../../out/dbrec.py 100000 07 300 100 1 fswSNF time_fswSNF.txt task_times.txt
+++ ls '*.dot'
++ cd /gulo/glob/afshin/private/FMM/out/N1e5
