+ N=100000
+ j=10752205
+ for F in F N
+ flags=ftwSF
+ S=300
+ for Q in 010 020 050
+ '[' 300 -eq 400 ']'
+ '[' 300 -eq 200 ']'
+ '[' 300 -eq 300 ']'
+ L=07
+ '[' 300 -eq 100 ']'
+ '[' 300 -eq 050 ']'
+ for T in 1 4 8 16
+ source ../main.sh
++ lstopo --force --of TXT topology.TXT
++ ACML_DIR=/pica/h1/afshin/acml/acmllib/ifort64_fma4
++ ACML_LIB=/pica/h1/afshin/acml/acmllib/ifort64_fma4/lib/libacml.a
++ export LD_LIBRARY_PATH=/pica/h1/afshin/acml/acmllib/ifort64_fma4/lib:/opt/openmpi/1.8.1gcc4.9/lib:/sw/comp/gcc/4.9_tintin/lib64:/sw/comp/gcc/4.9_tintin/lib
++ LD_LIBRARY_PATH=/pica/h1/afshin/acml/acmllib/ifort64_fma4/lib:/opt/openmpi/1.8.1gcc4.9/lib:/sw/comp/gcc/4.9_tintin/lib64:/sw/comp/gcc/4.9_tintin/lib
++ expdir=Exp10752205_N100000_P300_Q010_ftwSF_1cores
+++ ls -d Exp10751474_N100000_P300_Q010_ftwSF_1cores
++ ex=Exp10751474_N100000_P300_Q010_ftwSF_1cores
+++ pwd
++ curd=/gulo/glob/afshin/private/FMM/out/N1e5
++ '[' zExp10751474_N100000_P300_Q010_ftwSF_1coresz '!=' zz ']'
++ cp Exp10751474_N100000_P300_Q010_ftwSF_1cores/trace_f_t_S_w.txt Exp10751474_N100000_P300_Q010_ftwSF_1cores/trace_N100000_P300_Q010_ftwSF_1cores
++ return
+ for T in 1 4 8 16
+ source ../main.sh
++ lstopo --force --of TXT topology.TXT
++ ACML_DIR=/pica/h1/afshin/acml/acmllib/ifort64_fma4
++ ACML_LIB=/pica/h1/afshin/acml/acmllib/ifort64_fma4/lib/libacml.a
++ export LD_LIBRARY_PATH=/pica/h1/afshin/acml/acmllib/ifort64_fma4/lib:/pica/h1/afshin/acml/acmllib/ifort64_fma4/lib:/opt/openmpi/1.8.1gcc4.9/lib:/sw/comp/gcc/4.9_tintin/lib64:/sw/comp/gcc/4.9_tintin/lib
++ LD_LIBRARY_PATH=/pica/h1/afshin/acml/acmllib/ifort64_fma4/lib:/pica/h1/afshin/acml/acmllib/ifort64_fma4/lib:/opt/openmpi/1.8.1gcc4.9/lib:/sw/comp/gcc/4.9_tintin/lib64:/sw/comp/gcc/4.9_tintin/lib
++ expdir=Exp10752205_N100000_P300_Q010_ftwSF_4cores
+++ ls -d Exp10751474_N100000_P300_Q010_ftwSF_4cores
++ ex=Exp10751474_N100000_P300_Q010_ftwSF_4cores
+++ pwd
++ curd=/gulo/glob/afshin/private/FMM/out/N1e5
++ '[' zExp10751474_N100000_P300_Q010_ftwSF_4coresz '!=' zz ']'
++ cp Exp10751474_N100000_P300_Q010_ftwSF_4cores/trace_f_t_S_w.txt Exp10751474_N100000_P300_Q010_ftwSF_4cores/trace_N100000_P300_Q010_ftwSF_4cores
++ return
+ for T in 1 4 8 16
+ source ../main.sh
++ lstopo --force --of TXT topology.TXT
++ ACML_DIR=/pica/h1/afshin/acml/acmllib/ifort64_fma4
++ ACML_LIB=/pica/h1/afshin/acml/acmllib/ifort64_fma4/lib/libacml.a
++ export LD_LIBRARY_PATH=/pica/h1/afshin/acml/acmllib/ifort64_fma4/lib:/pica/h1/afshin/acml/acmllib/ifort64_fma4/lib:/pica/h1/afshin/acml/acmllib/ifort64_fma4/lib:/opt/openmpi/1.8.1gcc4.9/lib:/sw/comp/gcc/4.9_tintin/lib64:/sw/comp/gcc/4.9_tintin/lib
++ LD_LIBRARY_PATH=/pica/h1/afshin/acml/acmllib/ifort64_fma4/lib:/pica/h1/afshin/acml/acmllib/ifort64_fma4/lib:/pica/h1/afshin/acml/acmllib/ifort64_fma4/lib:/opt/openmpi/1.8.1gcc4.9/lib:/sw/comp/gcc/4.9_tintin/lib64:/sw/comp/gcc/4.9_tintin/lib
++ expdir=Exp10752205_N100000_P300_Q010_ftwSF_8cores
+++ ls -d Exp10751474_N100000_P300_Q010_ftwSF_8cores
++ ex=Exp10751474_N100000_P300_Q010_ftwSF_8cores
+++ pwd
++ curd=/gulo/glob/afshin/private/FMM/out/N1e5
++ '[' zExp10751474_N100000_P300_Q010_ftwSF_8coresz '!=' zz ']'
++ cp Exp10751474_N100000_P300_Q010_ftwSF_8cores/trace_f_t_S_w.txt Exp10751474_N100000_P300_Q010_ftwSF_8cores/trace_N100000_P300_Q010_ftwSF_8cores
++ return
+ for T in 1 4 8 16
+ source ../main.sh
++ lstopo --force --of TXT topology.TXT
++ ACML_DIR=/pica/h1/afshin/acml/acmllib/ifort64_fma4
++ ACML_LIB=/pica/h1/afshin/acml/acmllib/ifort64_fma4/lib/libacml.a
++ export LD_LIBRARY_PATH=/pica/h1/afshin/acml/acmllib/ifort64_fma4/lib:/pica/h1/afshin/acml/acmllib/ifort64_fma4/lib:/pica/h1/afshin/acml/acmllib/ifort64_fma4/lib:/pica/h1/afshin/acml/acmllib/ifort64_fma4/lib:/opt/openmpi/1.8.1gcc4.9/lib:/sw/comp/gcc/4.9_tintin/lib64:/sw/comp/gcc/4.9_tintin/lib
++ LD_LIBRARY_PATH=/pica/h1/afshin/acml/acmllib/ifort64_fma4/lib:/pica/h1/afshin/acml/acmllib/ifort64_fma4/lib:/pica/h1/afshin/acml/acmllib/ifort64_fma4/lib:/pica/h1/afshin/acml/acmllib/ifort64_fma4/lib:/opt/openmpi/1.8.1gcc4.9/lib:/sw/comp/gcc/4.9_tintin/lib64:/sw/comp/gcc/4.9_tintin/lib
++ expdir=Exp10752205_N100000_P300_Q010_ftwSF_16cores
+++ ls -d Exp10751474_N100000_P300_Q010_ftwSF_16cores
++ ex=Exp10751474_N100000_P300_Q010_ftwSF_16cores
+++ pwd
++ curd=/gulo/glob/afshin/private/FMM/out/N1e5
++ '[' zExp10751474_N100000_P300_Q010_ftwSF_16coresz '!=' zz ']'
++ cp Exp10751474_N100000_P300_Q010_ftwSF_16cores/trace_f_t_S_w.txt Exp10751474_N100000_P300_Q010_ftwSF_16cores/trace_N100000_P300_Q010_ftwSF_16cores
++ return
+ T=1
+ flags=fswSF
+ source ../main.sh
++ lstopo --force --of TXT topology.TXT
++ ACML_DIR=/pica/h1/afshin/acml/acmllib/ifort64_fma4
++ ACML_LIB=/pica/h1/afshin/acml/acmllib/ifort64_fma4/lib/libacml.a
++ export LD_LIBRARY_PATH=/pica/h1/afshin/acml/acmllib/ifort64_fma4/lib:/pica/h1/afshin/acml/acmllib/ifort64_fma4/lib:/pica/h1/afshin/acml/acmllib/ifort64_fma4/lib:/pica/h1/afshin/acml/acmllib/ifort64_fma4/lib:/pica/h1/afshin/acml/acmllib/ifort64_fma4/lib:/opt/openmpi/1.8.1gcc4.9/lib:/sw/comp/gcc/4.9_tintin/lib64:/sw/comp/gcc/4.9_tintin/lib
++ LD_LIBRARY_PATH=/pica/h1/afshin/acml/acmllib/ifort64_fma4/lib:/pica/h1/afshin/acml/acmllib/ifort64_fma4/lib:/pica/h1/afshin/acml/acmllib/ifort64_fma4/lib:/pica/h1/afshin/acml/acmllib/ifort64_fma4/lib:/pica/h1/afshin/acml/acmllib/ifort64_fma4/lib:/opt/openmpi/1.8.1gcc4.9/lib:/sw/comp/gcc/4.9_tintin/lib64:/sw/comp/gcc/4.9_tintin/lib
++ expdir=Exp10752205_N100000_P300_Q010_fswSF_1cores
+++ ls -d Exp10752043_N100000_P300_Q010_fswSF_1cores
++ ex=Exp10752043_N100000_P300_Q010_fswSF_1cores
+++ pwd
++ curd=/gulo/glob/afshin/private/FMM/out/N1e5
++ '[' zExp10752043_N100000_P300_Q010_fswSF_1coresz '!=' zz ']'
++ cp Exp10752043_N100000_P300_Q010_fswSF_1cores/trace_f_t_S_w.txt Exp10752043_N100000_P300_Q010_fswSF_1cores/trace_N100000_P300_Q010_fswSF_1cores
cp: cannot stat `Exp10752043_N100000_P300_Q010_fswSF_1cores/trace_f_t_S_w.txt': No such file or directory
++ return
+ flags=ftwSF
+ for Q in 010 020 050
+ '[' 300 -eq 400 ']'
+ '[' 300 -eq 200 ']'
+ '[' 300 -eq 300 ']'
+ L=07
+ '[' 300 -eq 100 ']'
+ '[' 300 -eq 050 ']'
+ for T in 1 4 8 16
+ source ../main.sh
++ lstopo --force --of TXT topology.TXT
++ ACML_DIR=/pica/h1/afshin/acml/acmllib/ifort64_fma4
++ ACML_LIB=/pica/h1/afshin/acml/acmllib/ifort64_fma4/lib/libacml.a
++ export LD_LIBRARY_PATH=/pica/h1/afshin/acml/acmllib/ifort64_fma4/lib:/pica/h1/afshin/acml/acmllib/ifort64_fma4/lib:/pica/h1/afshin/acml/acmllib/ifort64_fma4/lib:/pica/h1/afshin/acml/acmllib/ifort64_fma4/lib:/pica/h1/afshin/acml/acmllib/ifort64_fma4/lib:/pica/h1/afshin/acml/acmllib/ifort64_fma4/lib:/opt/openmpi/1.8.1gcc4.9/lib:/sw/comp/gcc/4.9_tintin/lib64:/sw/comp/gcc/4.9_tintin/lib
++ LD_LIBRARY_PATH=/pica/h1/afshin/acml/acmllib/ifort64_fma4/lib:/pica/h1/afshin/acml/acmllib/ifort64_fma4/lib:/pica/h1/afshin/acml/acmllib/ifort64_fma4/lib:/pica/h1/afshin/acml/acmllib/ifort64_fma4/lib:/pica/h1/afshin/acml/acmllib/ifort64_fma4/lib:/pica/h1/afshin/acml/acmllib/ifort64_fma4/lib:/opt/openmpi/1.8.1gcc4.9/lib:/sw/comp/gcc/4.9_tintin/lib64:/sw/comp/gcc/4.9_tintin/lib
++ expdir=Exp10752205_N100000_P300_Q020_ftwSF_1cores
+++ ls -d Exp10752043_N100000_P300_Q020_ftwSF_1cores
++ ex=Exp10752043_N100000_P300_Q020_ftwSF_1cores
+++ pwd
++ curd=/gulo/glob/afshin/private/FMM/out/N1e5
++ '[' zExp10752043_N100000_P300_Q020_ftwSF_1coresz '!=' zz ']'
++ cp Exp10752043_N100000_P300_Q020_ftwSF_1cores/trace_f_t_S_w.txt Exp10752043_N100000_P300_Q020_ftwSF_1cores/trace_N100000_P300_Q020_ftwSF_1cores
++ return
+ for T in 1 4 8 16
+ source ../main.sh
++ lstopo --force --of TXT topology.TXT
++ ACML_DIR=/pica/h1/afshin/acml/acmllib/ifort64_fma4
++ ACML_LIB=/pica/h1/afshin/acml/acmllib/ifort64_fma4/lib/libacml.a
++ export LD_LIBRARY_PATH=/pica/h1/afshin/acml/acmllib/ifort64_fma4/lib:/pica/h1/afshin/acml/acmllib/ifort64_fma4/lib:/pica/h1/afshin/acml/acmllib/ifort64_fma4/lib:/pica/h1/afshin/acml/acmllib/ifort64_fma4/lib:/pica/h1/afshin/acml/acmllib/ifort64_fma4/lib:/pica/h1/afshin/acml/acmllib/ifort64_fma4/lib:/pica/h1/afshin/acml/acmllib/ifort64_fma4/lib:/opt/openmpi/1.8.1gcc4.9/lib:/sw/comp/gcc/4.9_tintin/lib64:/sw/comp/gcc/4.9_tintin/lib
++ LD_LIBRARY_PATH=/pica/h1/afshin/acml/acmllib/ifort64_fma4/lib:/pica/h1/afshin/acml/acmllib/ifort64_fma4/lib:/pica/h1/afshin/acml/acmllib/ifort64_fma4/lib:/pica/h1/afshin/acml/acmllib/ifort64_fma4/lib:/pica/h1/afshin/acml/acmllib/ifort64_fma4/lib:/pica/h1/afshin/acml/acmllib/ifort64_fma4/lib:/pica/h1/afshin/acml/acmllib/ifort64_fma4/lib:/opt/openmpi/1.8.1gcc4.9/lib:/sw/comp/gcc/4.9_tintin/lib64:/sw/comp/gcc/4.9_tintin/lib
++ expdir=Exp10752205_N100000_P300_Q020_ftwSF_4cores
+++ ls -d Exp10752043_N100000_P300_Q020_ftwSF_4cores
++ ex=Exp10752043_N100000_P300_Q020_ftwSF_4cores
+++ pwd
++ curd=/gulo/glob/afshin/private/FMM/out/N1e5
++ '[' zExp10752043_N100000_P300_Q020_ftwSF_4coresz '!=' zz ']'
++ cp Exp10752043_N100000_P300_Q020_ftwSF_4cores/trace_f_t_S_w.txt Exp10752043_N100000_P300_Q020_ftwSF_4cores/trace_N100000_P300_Q020_ftwSF_4cores
++ return
+ for T in 1 4 8 16
+ source ../main.sh
++ lstopo --force --of TXT topology.TXT
++ ACML_DIR=/pica/h1/afshin/acml/acmllib/ifort64_fma4
++ ACML_LIB=/pica/h1/afshin/acml/acmllib/ifort64_fma4/lib/libacml.a
++ export LD_LIBRARY_PATH=/pica/h1/afshin/acml/acmllib/ifort64_fma4/lib:/pica/h1/afshin/acml/acmllib/ifort64_fma4/lib:/pica/h1/afshin/acml/acmllib/ifort64_fma4/lib:/pica/h1/afshin/acml/acmllib/ifort64_fma4/lib:/pica/h1/afshin/acml/acmllib/ifort64_fma4/lib:/pica/h1/afshin/acml/acmllib/ifort64_fma4/lib:/pica/h1/afshin/acml/acmllib/ifort64_fma4/lib:/pica/h1/afshin/acml/acmllib/ifort64_fma4/lib:/opt/openmpi/1.8.1gcc4.9/lib:/sw/comp/gcc/4.9_tintin/lib64:/sw/comp/gcc/4.9_tintin/lib
++ LD_LIBRARY_PATH=/pica/h1/afshin/acml/acmllib/ifort64_fma4/lib:/pica/h1/afshin/acml/acmllib/ifort64_fma4/lib:/pica/h1/afshin/acml/acmllib/ifort64_fma4/lib:/pica/h1/afshin/acml/acmllib/ifort64_fma4/lib:/pica/h1/afshin/acml/acmllib/ifort64_fma4/lib:/pica/h1/afshin/acml/acmllib/ifort64_fma4/lib:/pica/h1/afshin/acml/acmllib/ifort64_fma4/lib:/pica/h1/afshin/acml/acmllib/ifort64_fma4/lib:/opt/openmpi/1.8.1gcc4.9/lib:/sw/comp/gcc/4.9_tintin/lib64:/sw/comp/gcc/4.9_tintin/lib
++ expdir=Exp10752205_N100000_P300_Q020_ftwSF_8cores
+++ ls -d Exp10752043_N100000_P300_Q020_ftwSF_8cores
++ ex=Exp10752043_N100000_P300_Q020_ftwSF_8cores
+++ pwd
++ curd=/gulo/glob/afshin/private/FMM/out/N1e5
++ '[' zExp10752043_N100000_P300_Q020_ftwSF_8coresz '!=' zz ']'
++ cp Exp10752043_N100000_P300_Q020_ftwSF_8cores/trace_f_t_S_w.txt Exp10752043_N100000_P300_Q020_ftwSF_8cores/trace_N100000_P300_Q020_ftwSF_8cores
++ return
+ for T in 1 4 8 16
+ source ../main.sh
++ lstopo --force --of TXT topology.TXT
++ ACML_DIR=/pica/h1/afshin/acml/acmllib/ifort64_fma4
++ ACML_LIB=/pica/h1/afshin/acml/acmllib/ifort64_fma4/lib/libacml.a
++ export LD_LIBRARY_PATH=/pica/h1/afshin/acml/acmllib/ifort64_fma4/lib:/pica/h1/afshin/acml/acmllib/ifort64_fma4/lib:/pica/h1/afshin/acml/acmllib/ifort64_fma4/lib:/pica/h1/afshin/acml/acmllib/ifort64_fma4/lib:/pica/h1/afshin/acml/acmllib/ifort64_fma4/lib:/pica/h1/afshin/acml/acmllib/ifort64_fma4/lib:/pica/h1/afshin/acml/acmllib/ifort64_fma4/lib:/pica/h1/afshin/acml/acmllib/ifort64_fma4/lib:/pica/h1/afshin/acml/acmllib/ifort64_fma4/lib:/opt/openmpi/1.8.1gcc4.9/lib:/sw/comp/gcc/4.9_tintin/lib64:/sw/comp/gcc/4.9_tintin/lib
++ LD_LIBRARY_PATH=/pica/h1/afshin/acml/acmllib/ifort64_fma4/lib:/pica/h1/afshin/acml/acmllib/ifort64_fma4/lib:/pica/h1/afshin/acml/acmllib/ifort64_fma4/lib:/pica/h1/afshin/acml/acmllib/ifort64_fma4/lib:/pica/h1/afshin/acml/acmllib/ifort64_fma4/lib:/pica/h1/afshin/acml/acmllib/ifort64_fma4/lib:/pica/h1/afshin/acml/acmllib/ifort64_fma4/lib:/pica/h1/afshin/acml/acmllib/ifort64_fma4/lib:/pica/h1/afshin/acml/acmllib/ifort64_fma4/lib:/opt/openmpi/1.8.1gcc4.9/lib:/sw/comp/gcc/4.9_tintin/lib64:/sw/comp/gcc/4.9_tintin/lib
++ expdir=Exp10752205_N100000_P300_Q020_ftwSF_16cores
+++ ls -d Exp10752043_N100000_P300_Q020_ftwSF_16cores
++ ex=Exp10752043_N100000_P300_Q020_ftwSF_16cores
+++ pwd
++ curd=/gulo/glob/afshin/private/FMM/out/N1e5
++ '[' zExp10752043_N100000_P300_Q020_ftwSF_16coresz '!=' zz ']'
++ cp Exp10752043_N100000_P300_Q020_ftwSF_16cores/trace_f_t_S_w.txt Exp10752043_N100000_P300_Q020_ftwSF_16cores/trace_N100000_P300_Q020_ftwSF_16cores
++ return
+ T=1
+ flags=fswSF
+ source ../main.sh
++ lstopo --force --of TXT topology.TXT
++ ACML_DIR=/pica/h1/afshin/acml/acmllib/ifort64_fma4
++ ACML_LIB=/pica/h1/afshin/acml/acmllib/ifort64_fma4/lib/libacml.a
++ export LD_LIBRARY_PATH=/pica/h1/afshin/acml/acmllib/ifort64_fma4/lib:/pica/h1/afshin/acml/acmllib/ifort64_fma4/lib:/pica/h1/afshin/acml/acmllib/ifort64_fma4/lib:/pica/h1/afshin/acml/acmllib/ifort64_fma4/lib:/pica/h1/afshin/acml/acmllib/ifort64_fma4/lib:/pica/h1/afshin/acml/acmllib/ifort64_fma4/lib:/pica/h1/afshin/acml/acmllib/ifort64_fma4/lib:/pica/h1/afshin/acml/acmllib/ifort64_fma4/lib:/pica/h1/afshin/acml/acmllib/ifort64_fma4/lib:/pica/h1/afshin/acml/acmllib/ifort64_fma4/lib:/opt/openmpi/1.8.1gcc4.9/lib:/sw/comp/gcc/4.9_tintin/lib64:/sw/comp/gcc/4.9_tintin/lib
++ LD_LIBRARY_PATH=/pica/h1/afshin/acml/acmllib/ifort64_fma4/lib:/pica/h1/afshin/acml/acmllib/ifort64_fma4/lib:/pica/h1/afshin/acml/acmllib/ifort64_fma4/lib:/pica/h1/afshin/acml/acmllib/ifort64_fma4/lib:/pica/h1/afshin/acml/acmllib/ifort64_fma4/lib:/pica/h1/afshin/acml/acmllib/ifort64_fma4/lib:/pica/h1/afshin/acml/acmllib/ifort64_fma4/lib:/pica/h1/afshin/acml/acmllib/ifort64_fma4/lib:/pica/h1/afshin/acml/acmllib/ifort64_fma4/lib:/pica/h1/afshin/acml/acmllib/ifort64_fma4/lib:/opt/openmpi/1.8.1gcc4.9/lib:/sw/comp/gcc/4.9_tintin/lib64:/sw/comp/gcc/4.9_tintin/lib
++ expdir=Exp10752205_N100000_P300_Q020_fswSF_1cores
+++ ls -d Exp10752043_N100000_P300_Q020_fswSF_1cores
++ ex=Exp10752043_N100000_P300_Q020_fswSF_1cores
+++ pwd
++ curd=/gulo/glob/afshin/private/FMM/out/N1e5
++ '[' zExp10752043_N100000_P300_Q020_fswSF_1coresz '!=' zz ']'
++ cp Exp10752043_N100000_P300_Q020_fswSF_1cores/trace_f_t_S_w.txt Exp10752043_N100000_P300_Q020_fswSF_1cores/trace_N100000_P300_Q020_fswSF_1cores
cp: cannot stat `Exp10752043_N100000_P300_Q020_fswSF_1cores/trace_f_t_S_w.txt': No such file or directory
++ return
+ flags=ftwSF
+ for Q in 010 020 050
+ '[' 300 -eq 400 ']'
+ '[' 300 -eq 200 ']'
+ '[' 300 -eq 300 ']'
+ L=07
+ '[' 300 -eq 100 ']'
+ '[' 300 -eq 050 ']'
+ for T in 1 4 8 16
+ source ../main.sh
++ lstopo --force --of TXT topology.TXT
++ ACML_DIR=/pica/h1/afshin/acml/acmllib/ifort64_fma4
++ ACML_LIB=/pica/h1/afshin/acml/acmllib/ifort64_fma4/lib/libacml.a
++ export LD_LIBRARY_PATH=/pica/h1/afshin/acml/acmllib/ifort64_fma4/lib:/pica/h1/afshin/acml/acmllib/ifort64_fma4/lib:/pica/h1/afshin/acml/acmllib/ifort64_fma4/lib:/pica/h1/afshin/acml/acmllib/ifort64_fma4/lib:/pica/h1/afshin/acml/acmllib/ifort64_fma4/lib:/pica/h1/afshin/acml/acmllib/ifort64_fma4/lib:/pica/h1/afshin/acml/acmllib/ifort64_fma4/lib:/pica/h1/afshin/acml/acmllib/ifort64_fma4/lib:/pica/h1/afshin/acml/acmllib/ifort64_fma4/lib:/pica/h1/afshin/acml/acmllib/ifort64_fma4/lib:/pica/h1/afshin/acml/acmllib/ifort64_fma4/lib:/opt/openmpi/1.8.1gcc4.9/lib:/sw/comp/gcc/4.9_tintin/lib64:/sw/comp/gcc/4.9_tintin/lib
++ LD_LIBRARY_PATH=/pica/h1/afshin/acml/acmllib/ifort64_fma4/lib:/pica/h1/afshin/acml/acmllib/ifort64_fma4/lib:/pica/h1/afshin/acml/acmllib/ifort64_fma4/lib:/pica/h1/afshin/acml/acmllib/ifort64_fma4/lib:/pica/h1/afshin/acml/acmllib/ifort64_fma4/lib:/pica/h1/afshin/acml/acmllib/ifort64_fma4/lib:/pica/h1/afshin/acml/acmllib/ifort64_fma4/lib:/pica/h1/afshin/acml/acmllib/ifort64_fma4/lib:/pica/h1/afshin/acml/acmllib/ifort64_fma4/lib:/pica/h1/afshin/acml/acmllib/ifort64_fma4/lib:/pica/h1/afshin/acml/acmllib/ifort64_fma4/lib:/opt/openmpi/1.8.1gcc4.9/lib:/sw/comp/gcc/4.9_tintin/lib64:/sw/comp/gcc/4.9_tintin/lib
++ expdir=Exp10752205_N100000_P300_Q050_ftwSF_1cores
+++ ls -d Exp10752043_N100000_P300_Q050_ftwSF_1cores
++ ex=Exp10752043_N100000_P300_Q050_ftwSF_1cores
+++ pwd
++ curd=/gulo/glob/afshin/private/FMM/out/N1e5
++ '[' zExp10752043_N100000_P300_Q050_ftwSF_1coresz '!=' zz ']'
++ cp Exp10752043_N100000_P300_Q050_ftwSF_1cores/trace_f_t_S_w.txt Exp10752043_N100000_P300_Q050_ftwSF_1cores/trace_N100000_P300_Q050_ftwSF_1cores
++ return
+ for T in 1 4 8 16
+ source ../main.sh
++ lstopo --force --of TXT topology.TXT
++ ACML_DIR=/pica/h1/afshin/acml/acmllib/ifort64_fma4
++ ACML_LIB=/pica/h1/afshin/acml/acmllib/ifort64_fma4/lib/libacml.a
++ export LD_LIBRARY_PATH=/pica/h1/afshin/acml/acmllib/ifort64_fma4/lib:/pica/h1/afshin/acml/acmllib/ifort64_fma4/lib:/pica/h1/afshin/acml/acmllib/ifort64_fma4/lib:/pica/h1/afshin/acml/acmllib/ifort64_fma4/lib:/pica/h1/afshin/acml/acmllib/ifort64_fma4/lib:/pica/h1/afshin/acml/acmllib/ifort64_fma4/lib:/pica/h1/afshin/acml/acmllib/ifort64_fma4/lib:/pica/h1/afshin/acml/acmllib/ifort64_fma4/lib:/pica/h1/afshin/acml/acmllib/ifort64_fma4/lib:/pica/h1/afshin/acml/acmllib/ifort64_fma4/lib:/pica/h1/afshin/acml/acmllib/ifort64_fma4/lib:/pica/h1/afshin/acml/acmllib/ifort64_fma4/lib:/opt/openmpi/1.8.1gcc4.9/lib:/sw/comp/gcc/4.9_tintin/lib64:/sw/comp/gcc/4.9_tintin/lib
++ LD_LIBRARY_PATH=/pica/h1/afshin/acml/acmllib/ifort64_fma4/lib:/pica/h1/afshin/acml/acmllib/ifort64_fma4/lib:/pica/h1/afshin/acml/acmllib/ifort64_fma4/lib:/pica/h1/afshin/acml/acmllib/ifort64_fma4/lib:/pica/h1/afshin/acml/acmllib/ifort64_fma4/lib:/pica/h1/afshin/acml/acmllib/ifort64_fma4/lib:/pica/h1/afshin/acml/acmllib/ifort64_fma4/lib:/pica/h1/afshin/acml/acmllib/ifort64_fma4/lib:/pica/h1/afshin/acml/acmllib/ifort64_fma4/lib:/pica/h1/afshin/acml/acmllib/ifort64_fma4/lib:/pica/h1/afshin/acml/acmllib/ifort64_fma4/lib:/pica/h1/afshin/acml/acmllib/ifort64_fma4/lib:/opt/openmpi/1.8.1gcc4.9/lib:/sw/comp/gcc/4.9_tintin/lib64:/sw/comp/gcc/4.9_tintin/lib
++ expdir=Exp10752205_N100000_P300_Q050_ftwSF_4cores
+++ ls -d Exp10752043_N100000_P300_Q050_ftwSF_4cores
++ ex=Exp10752043_N100000_P300_Q050_ftwSF_4cores
+++ pwd
++ curd=/gulo/glob/afshin/private/FMM/out/N1e5
++ '[' zExp10752043_N100000_P300_Q050_ftwSF_4coresz '!=' zz ']'
++ cp Exp10752043_N100000_P300_Q050_ftwSF_4cores/trace_f_t_S_w.txt Exp10752043_N100000_P300_Q050_ftwSF_4cores/trace_N100000_P300_Q050_ftwSF_4cores
++ return
+ for T in 1 4 8 16
+ source ../main.sh
++ lstopo --force --of TXT topology.TXT
++ ACML_DIR=/pica/h1/afshin/acml/acmllib/ifort64_fma4
++ ACML_LIB=/pica/h1/afshin/acml/acmllib/ifort64_fma4/lib/libacml.a
++ export LD_LIBRARY_PATH=/pica/h1/afshin/acml/acmllib/ifort64_fma4/lib:/pica/h1/afshin/acml/acmllib/ifort64_fma4/lib:/pica/h1/afshin/acml/acmllib/ifort64_fma4/lib:/pica/h1/afshin/acml/acmllib/ifort64_fma4/lib:/pica/h1/afshin/acml/acmllib/ifort64_fma4/lib:/pica/h1/afshin/acml/acmllib/ifort64_fma4/lib:/pica/h1/afshin/acml/acmllib/ifort64_fma4/lib:/pica/h1/afshin/acml/acmllib/ifort64_fma4/lib:/pica/h1/afshin/acml/acmllib/ifort64_fma4/lib:/pica/h1/afshin/acml/acmllib/ifort64_fma4/lib:/pica/h1/afshin/acml/acmllib/ifort64_fma4/lib:/pica/h1/afshin/acml/acmllib/ifort64_fma4/lib:/pica/h1/afshin/acml/acmllib/ifort64_fma4/lib:/opt/openmpi/1.8.1gcc4.9/lib:/sw/comp/gcc/4.9_tintin/lib64:/sw/comp/gcc/4.9_tintin/lib
++ LD_LIBRARY_PATH=/pica/h1/afshin/acml/acmllib/ifort64_fma4/lib:/pica/h1/afshin/acml/acmllib/ifort64_fma4/lib:/pica/h1/afshin/acml/acmllib/ifort64_fma4/lib:/pica/h1/afshin/acml/acmllib/ifort64_fma4/lib:/pica/h1/afshin/acml/acmllib/ifort64_fma4/lib:/pica/h1/afshin/acml/acmllib/ifort64_fma4/lib:/pica/h1/afshin/acml/acmllib/ifort64_fma4/lib:/pica/h1/afshin/acml/acmllib/ifort64_fma4/lib:/pica/h1/afshin/acml/acmllib/ifort64_fma4/lib:/pica/h1/afshin/acml/acmllib/ifort64_fma4/lib:/pica/h1/afshin/acml/acmllib/ifort64_fma4/lib:/pica/h1/afshin/acml/acmllib/ifort64_fma4/lib:/pica/h1/afshin/acml/acmllib/ifort64_fma4/lib:/opt/openmpi/1.8.1gcc4.9/lib:/sw/comp/gcc/4.9_tintin/lib64:/sw/comp/gcc/4.9_tintin/lib
++ expdir=Exp10752205_N100000_P300_Q050_ftwSF_8cores
+++ ls -d Exp10752043_N100000_P300_Q050_ftwSF_8cores
++ ex=Exp10752043_N100000_P300_Q050_ftwSF_8cores
+++ pwd
++ curd=/gulo/glob/afshin/private/FMM/out/N1e5
++ '[' zExp10752043_N100000_P300_Q050_ftwSF_8coresz '!=' zz ']'
++ cp Exp10752043_N100000_P300_Q050_ftwSF_8cores/trace_f_t_S_w.txt Exp10752043_N100000_P300_Q050_ftwSF_8cores/trace_N100000_P300_Q050_ftwSF_8cores
++ return
+ for T in 1 4 8 16
+ source ../main.sh
++ lstopo --force --of TXT topology.TXT
++ ACML_DIR=/pica/h1/afshin/acml/acmllib/ifort64_fma4
++ ACML_LIB=/pica/h1/afshin/acml/acmllib/ifort64_fma4/lib/libacml.a
++ export LD_LIBRARY_PATH=/pica/h1/afshin/acml/acmllib/ifort64_fma4/lib:/pica/h1/afshin/acml/acmllib/ifort64_fma4/lib:/pica/h1/afshin/acml/acmllib/ifort64_fma4/lib:/pica/h1/afshin/acml/acmllib/ifort64_fma4/lib:/pica/h1/afshin/acml/acmllib/ifort64_fma4/lib:/pica/h1/afshin/acml/acmllib/ifort64_fma4/lib:/pica/h1/afshin/acml/acmllib/ifort64_fma4/lib:/pica/h1/afshin/acml/acmllib/ifort64_fma4/lib:/pica/h1/afshin/acml/acmllib/ifort64_fma4/lib:/pica/h1/afshin/acml/acmllib/ifort64_fma4/lib:/pica/h1/afshin/acml/acmllib/ifort64_fma4/lib:/pica/h1/afshin/acml/acmllib/ifort64_fma4/lib:/pica/h1/afshin/acml/acmllib/ifort64_fma4/lib:/pica/h1/afshin/acml/acmllib/ifort64_fma4/lib:/opt/openmpi/1.8.1gcc4.9/lib:/sw/comp/gcc/4.9_tintin/lib64:/sw/comp/gcc/4.9_tintin/lib
++ LD_LIBRARY_PATH=/pica/h1/afshin/acml/acmllib/ifort64_fma4/lib:/pica/h1/afshin/acml/acmllib/ifort64_fma4/lib:/pica/h1/afshin/acml/acmllib/ifort64_fma4/lib:/pica/h1/afshin/acml/acmllib/ifort64_fma4/lib:/pica/h1/afshin/acml/acmllib/ifort64_fma4/lib:/pica/h1/afshin/acml/acmllib/ifort64_fma4/lib:/pica/h1/afshin/acml/acmllib/ifort64_fma4/lib:/pica/h1/afshin/acml/acmllib/ifort64_fma4/lib:/pica/h1/afshin/acml/acmllib/ifort64_fma4/lib:/pica/h1/afshin/acml/acmllib/ifort64_fma4/lib:/pica/h1/afshin/acml/acmllib/ifort64_fma4/lib:/pica/h1/afshin/acml/acmllib/ifort64_fma4/lib:/pica/h1/afshin/acml/acmllib/ifort64_fma4/lib:/pica/h1/afshin/acml/acmllib/ifort64_fma4/lib:/opt/openmpi/1.8.1gcc4.9/lib:/sw/comp/gcc/4.9_tintin/lib64:/sw/comp/gcc/4.9_tintin/lib
++ expdir=Exp10752205_N100000_P300_Q050_ftwSF_16cores
+++ ls -d Exp10752043_N100000_P300_Q050_ftwSF_16cores
++ ex=Exp10752043_N100000_P300_Q050_ftwSF_16cores
+++ pwd
++ curd=/gulo/glob/afshin/private/FMM/out/N1e5
++ '[' zExp10752043_N100000_P300_Q050_ftwSF_16coresz '!=' zz ']'
++ cp Exp10752043_N100000_P300_Q050_ftwSF_16cores/trace_f_t_S_w.txt Exp10752043_N100000_P300_Q050_ftwSF_16cores/trace_N100000_P300_Q050_ftwSF_16cores
++ return
+ T=1
+ flags=fswSF
+ source ../main.sh
++ lstopo --force --of TXT topology.TXT
++ ACML_DIR=/pica/h1/afshin/acml/acmllib/ifort64_fma4
++ ACML_LIB=/pica/h1/afshin/acml/acmllib/ifort64_fma4/lib/libacml.a
++ export LD_LIBRARY_PATH=/pica/h1/afshin/acml/acmllib/ifort64_fma4/lib:/pica/h1/afshin/acml/acmllib/ifort64_fma4/lib:/pica/h1/afshin/acml/acmllib/ifort64_fma4/lib:/pica/h1/afshin/acml/acmllib/ifort64_fma4/lib:/pica/h1/afshin/acml/acmllib/ifort64_fma4/lib:/pica/h1/afshin/acml/acmllib/ifort64_fma4/lib:/pica/h1/afshin/acml/acmllib/ifort64_fma4/lib:/pica/h1/afshin/acml/acmllib/ifort64_fma4/lib:/pica/h1/afshin/acml/acmllib/ifort64_fma4/lib:/pica/h1/afshin/acml/acmllib/ifort64_fma4/lib:/pica/h1/afshin/acml/acmllib/ifort64_fma4/lib:/pica/h1/afshin/acml/acmllib/ifort64_fma4/lib:/pica/h1/afshin/acml/acmllib/ifort64_fma4/lib:/pica/h1/afshin/acml/acmllib/ifort64_fma4/lib:/pica/h1/afshin/acml/acmllib/ifort64_fma4/lib:/opt/openmpi/1.8.1gcc4.9/lib:/sw/comp/gcc/4.9_tintin/lib64:/sw/comp/gcc/4.9_tintin/lib
++ LD_LIBRARY_PATH=/pica/h1/afshin/acml/acmllib/ifort64_fma4/lib:/pica/h1/afshin/acml/acmllib/ifort64_fma4/lib:/pica/h1/afshin/acml/acmllib/ifort64_fma4/lib:/pica/h1/afshin/acml/acmllib/ifort64_fma4/lib:/pica/h1/afshin/acml/acmllib/ifort64_fma4/lib:/pica/h1/afshin/acml/acmllib/ifort64_fma4/lib:/pica/h1/afshin/acml/acmllib/ifort64_fma4/lib:/pica/h1/afshin/acml/acmllib/ifort64_fma4/lib:/pica/h1/afshin/acml/acmllib/ifort64_fma4/lib:/pica/h1/afshin/acml/acmllib/ifort64_fma4/lib:/pica/h1/afshin/acml/acmllib/ifort64_fma4/lib:/pica/h1/afshin/acml/acmllib/ifort64_fma4/lib:/pica/h1/afshin/acml/acmllib/ifort64_fma4/lib:/pica/h1/afshin/acml/acmllib/ifort64_fma4/lib:/pica/h1/afshin/acml/acmllib/ifort64_fma4/lib:/opt/openmpi/1.8.1gcc4.9/lib:/sw/comp/gcc/4.9_tintin/lib64:/sw/comp/gcc/4.9_tintin/lib
++ expdir=Exp10752205_N100000_P300_Q050_fswSF_1cores
+++ ls -d Exp10752043_N100000_P300_Q050_fswSF_1cores
++ ex=Exp10752043_N100000_P300_Q050_fswSF_1cores
+++ pwd
++ curd=/gulo/glob/afshin/private/FMM/out/N1e5
++ '[' zExp10752043_N100000_P300_Q050_fswSF_1coresz '!=' zz ']'
++ cp Exp10752043_N100000_P300_Q050_fswSF_1cores/trace_f_t_S_w.txt Exp10752043_N100000_P300_Q050_fswSF_1cores/trace_N100000_P300_Q050_fswSF_1cores
cp: cannot stat `Exp10752043_N100000_P300_Q050_fswSF_1cores/trace_f_t_S_w.txt': No such file or directory
++ return
+ flags=ftwSF
+ for F in F N
+ flags=ftwSN
+ S=300
+ for Q in 010 020 050
+ '[' 300 -eq 400 ']'
+ '[' 300 -eq 200 ']'
+ '[' 300 -eq 300 ']'
+ L=07
+ '[' 300 -eq 100 ']'
+ '[' 300 -eq 050 ']'
+ for T in 1 4 8 16
+ source ../main.sh
++ lstopo --force --of TXT topology.TXT
++ ACML_DIR=/pica/h1/afshin/acml/acmllib/ifort64_fma4
++ ACML_LIB=/pica/h1/afshin/acml/acmllib/ifort64_fma4/lib/libacml.a
++ export LD_LIBRARY_PATH=/pica/h1/afshin/acml/acmllib/ifort64_fma4/lib:/pica/h1/afshin/acml/acmllib/ifort64_fma4/lib:/pica/h1/afshin/acml/acmllib/ifort64_fma4/lib:/pica/h1/afshin/acml/acmllib/ifort64_fma4/lib:/pica/h1/afshin/acml/acmllib/ifort64_fma4/lib:/pica/h1/afshin/acml/acmllib/ifort64_fma4/lib:/pica/h1/afshin/acml/acmllib/ifort64_fma4/lib:/pica/h1/afshin/acml/acmllib/ifort64_fma4/lib:/pica/h1/afshin/acml/acmllib/ifort64_fma4/lib:/pica/h1/afshin/acml/acmllib/ifort64_fma4/lib:/pica/h1/afshin/acml/acmllib/ifort64_fma4/lib:/pica/h1/afshin/acml/acmllib/ifort64_fma4/lib:/pica/h1/afshin/acml/acmllib/ifort64_fma4/lib:/pica/h1/afshin/acml/acmllib/ifort64_fma4/lib:/pica/h1/afshin/acml/acmllib/ifort64_fma4/lib:/pica/h1/afshin/acml/acmllib/ifort64_fma4/lib:/opt/openmpi/1.8.1gcc4.9/lib:/sw/comp/gcc/4.9_tintin/lib64:/sw/comp/gcc/4.9_tintin/lib
++ LD_LIBRARY_PATH=/pica/h1/afshin/acml/acmllib/ifort64_fma4/lib:/pica/h1/afshin/acml/acmllib/ifort64_fma4/lib:/pica/h1/afshin/acml/acmllib/ifort64_fma4/lib:/pica/h1/afshin/acml/acmllib/ifort64_fma4/lib:/pica/h1/afshin/acml/acmllib/ifort64_fma4/lib:/pica/h1/afshin/acml/acmllib/ifort64_fma4/lib:/pica/h1/afshin/acml/acmllib/ifort64_fma4/lib:/pica/h1/afshin/acml/acmllib/ifort64_fma4/lib:/pica/h1/afshin/acml/acmllib/ifort64_fma4/lib:/pica/h1/afshin/acml/acmllib/ifort64_fma4/lib:/pica/h1/afshin/acml/acmllib/ifort64_fma4/lib:/pica/h1/afshin/acml/acmllib/ifort64_fma4/lib:/pica/h1/afshin/acml/acmllib/ifort64_fma4/lib:/pica/h1/afshin/acml/acmllib/ifort64_fma4/lib:/pica/h1/afshin/acml/acmllib/ifort64_fma4/lib:/pica/h1/afshin/acml/acmllib/ifort64_fma4/lib:/opt/openmpi/1.8.1gcc4.9/lib:/sw/comp/gcc/4.9_tintin/lib64:/sw/comp/gcc/4.9_tintin/lib
++ expdir=Exp10752205_N100000_P300_Q010_ftwSN_1cores
+++ ls -d Exp10751474_N100000_P300_Q010_ftwSN_1cores
++ ex=Exp10751474_N100000_P300_Q010_ftwSN_1cores
+++ pwd
++ curd=/gulo/glob/afshin/private/FMM/out/N1e5
++ '[' zExp10751474_N100000_P300_Q010_ftwSN_1coresz '!=' zz ']'
++ cp Exp10751474_N100000_P300_Q010_ftwSN_1cores/trace_f_t_S_w.txt Exp10751474_N100000_P300_Q010_ftwSN_1cores/trace_N100000_P300_Q010_ftwSN_1cores
++ return
+ for T in 1 4 8 16
+ source ../main.sh
++ lstopo --force --of TXT topology.TXT
++ ACML_DIR=/pica/h1/afshin/acml/acmllib/ifort64_fma4
++ ACML_LIB=/pica/h1/afshin/acml/acmllib/ifort64_fma4/lib/libacml.a
++ export LD_LIBRARY_PATH=/pica/h1/afshin/acml/acmllib/ifort64_fma4/lib:/pica/h1/afshin/acml/acmllib/ifort64_fma4/lib:/pica/h1/afshin/acml/acmllib/ifort64_fma4/lib:/pica/h1/afshin/acml/acmllib/ifort64_fma4/lib:/pica/h1/afshin/acml/acmllib/ifort64_fma4/lib:/pica/h1/afshin/acml/acmllib/ifort64_fma4/lib:/pica/h1/afshin/acml/acmllib/ifort64_fma4/lib:/pica/h1/afshin/acml/acmllib/ifort64_fma4/lib:/pica/h1/afshin/acml/acmllib/ifort64_fma4/lib:/pica/h1/afshin/acml/acmllib/ifort64_fma4/lib:/pica/h1/afshin/acml/acmllib/ifort64_fma4/lib:/pica/h1/afshin/acml/acmllib/ifort64_fma4/lib:/pica/h1/afshin/acml/acmllib/ifort64_fma4/lib:/pica/h1/afshin/acml/acmllib/ifort64_fma4/lib:/pica/h1/afshin/acml/acmllib/ifort64_fma4/lib:/pica/h1/afshin/acml/acmllib/ifort64_fma4/lib:/pica/h1/afshin/acml/acmllib/ifort64_fma4/lib:/opt/openmpi/1.8.1gcc4.9/lib:/sw/comp/gcc/4.9_tintin/lib64:/sw/comp/gcc/4.9_tintin/lib
++ LD_LIBRARY_PATH=/pica/h1/afshin/acml/acmllib/ifort64_fma4/lib:/pica/h1/afshin/acml/acmllib/ifort64_fma4/lib:/pica/h1/afshin/acml/acmllib/ifort64_fma4/lib:/pica/h1/afshin/acml/acmllib/ifort64_fma4/lib:/pica/h1/afshin/acml/acmllib/ifort64_fma4/lib:/pica/h1/afshin/acml/acmllib/ifort64_fma4/lib:/pica/h1/afshin/acml/acmllib/ifort64_fma4/lib:/pica/h1/afshin/acml/acmllib/ifort64_fma4/lib:/pica/h1/afshin/acml/acmllib/ifort64_fma4/lib:/pica/h1/afshin/acml/acmllib/ifort64_fma4/lib:/pica/h1/afshin/acml/acmllib/ifort64_fma4/lib:/pica/h1/afshin/acml/acmllib/ifort64_fma4/lib:/pica/h1/afshin/acml/acmllib/ifort64_fma4/lib:/pica/h1/afshin/acml/acmllib/ifort64_fma4/lib:/pica/h1/afshin/acml/acmllib/ifort64_fma4/lib:/pica/h1/afshin/acml/acmllib/ifort64_fma4/lib:/pica/h1/afshin/acml/acmllib/ifort64_fma4/lib:/opt/openmpi/1.8.1gcc4.9/lib:/sw/comp/gcc/4.9_tintin/lib64:/sw/comp/gcc/4.9_tintin/lib
++ expdir=Exp10752205_N100000_P300_Q010_ftwSN_4cores
+++ ls -d Exp10751474_N100000_P300_Q010_ftwSN_4cores
++ ex=Exp10751474_N100000_P300_Q010_ftwSN_4cores
+++ pwd
++ curd=/gulo/glob/afshin/private/FMM/out/N1e5
++ '[' zExp10751474_N100000_P300_Q010_ftwSN_4coresz '!=' zz ']'
++ cp Exp10751474_N100000_P300_Q010_ftwSN_4cores/trace_f_t_S_w.txt Exp10751474_N100000_P300_Q010_ftwSN_4cores/trace_N100000_P300_Q010_ftwSN_4cores
++ return
+ for T in 1 4 8 16
+ source ../main.sh
++ lstopo --force --of TXT topology.TXT
++ ACML_DIR=/pica/h1/afshin/acml/acmllib/ifort64_fma4
++ ACML_LIB=/pica/h1/afshin/acml/acmllib/ifort64_fma4/lib/libacml.a
++ export LD_LIBRARY_PATH=/pica/h1/afshin/acml/acmllib/ifort64_fma4/lib:/pica/h1/afshin/acml/acmllib/ifort64_fma4/lib:/pica/h1/afshin/acml/acmllib/ifort64_fma4/lib:/pica/h1/afshin/acml/acmllib/ifort64_fma4/lib:/pica/h1/afshin/acml/acmllib/ifort64_fma4/lib:/pica/h1/afshin/acml/acmllib/ifort64_fma4/lib:/pica/h1/afshin/acml/acmllib/ifort64_fma4/lib:/pica/h1/afshin/acml/acmllib/ifort64_fma4/lib:/pica/h1/afshin/acml/acmllib/ifort64_fma4/lib:/pica/h1/afshin/acml/acmllib/ifort64_fma4/lib:/pica/h1/afshin/acml/acmllib/ifort64_fma4/lib:/pica/h1/afshin/acml/acmllib/ifort64_fma4/lib:/pica/h1/afshin/acml/acmllib/ifort64_fma4/lib:/pica/h1/afshin/acml/acmllib/ifort64_fma4/lib:/pica/h1/afshin/acml/acmllib/ifort64_fma4/lib:/pica/h1/afshin/acml/acmllib/ifort64_fma4/lib:/pica/h1/afshin/acml/acmllib/ifort64_fma4/lib:/pica/h1/afshin/acml/acmllib/ifort64_fma4/lib:/opt/openmpi/1.8.1gcc4.9/lib:/sw/comp/gcc/4.9_tintin/lib64:/sw/comp/gcc/4.9_tintin/lib
++ LD_LIBRARY_PATH=/pica/h1/afshin/acml/acmllib/ifort64_fma4/lib:/pica/h1/afshin/acml/acmllib/ifort64_fma4/lib:/pica/h1/afshin/acml/acmllib/ifort64_fma4/lib:/pica/h1/afshin/acml/acmllib/ifort64_fma4/lib:/pica/h1/afshin/acml/acmllib/ifort64_fma4/lib:/pica/h1/afshin/acml/acmllib/ifort64_fma4/lib:/pica/h1/afshin/acml/acmllib/ifort64_fma4/lib:/pica/h1/afshin/acml/acmllib/ifort64_fma4/lib:/pica/h1/afshin/acml/acmllib/ifort64_fma4/lib:/pica/h1/afshin/acml/acmllib/ifort64_fma4/lib:/pica/h1/afshin/acml/acmllib/ifort64_fma4/lib:/pica/h1/afshin/acml/acmllib/ifort64_fma4/lib:/pica/h1/afshin/acml/acmllib/ifort64_fma4/lib:/pica/h1/afshin/acml/acmllib/ifort64_fma4/lib:/pica/h1/afshin/acml/acmllib/ifort64_fma4/lib:/pica/h1/afshin/acml/acmllib/ifort64_fma4/lib:/pica/h1/afshin/acml/acmllib/ifort64_fma4/lib:/pica/h1/afshin/acml/acmllib/ifort64_fma4/lib:/opt/openmpi/1.8.1gcc4.9/lib:/sw/comp/gcc/4.9_tintin/lib64:/sw/comp/gcc/4.9_tintin/lib
++ expdir=Exp10752205_N100000_P300_Q010_ftwSN_8cores
+++ ls -d Exp10751474_N100000_P300_Q010_ftwSN_8cores
++ ex=Exp10751474_N100000_P300_Q010_ftwSN_8cores
+++ pwd
++ curd=/gulo/glob/afshin/private/FMM/out/N1e5
++ '[' zExp10751474_N100000_P300_Q010_ftwSN_8coresz '!=' zz ']'
++ cp Exp10751474_N100000_P300_Q010_ftwSN_8cores/trace_f_t_S_w.txt Exp10751474_N100000_P300_Q010_ftwSN_8cores/trace_N100000_P300_Q010_ftwSN_8cores
++ return
+ for T in 1 4 8 16
+ source ../main.sh
++ lstopo --force --of TXT topology.TXT
++ ACML_DIR=/pica/h1/afshin/acml/acmllib/ifort64_fma4
++ ACML_LIB=/pica/h1/afshin/acml/acmllib/ifort64_fma4/lib/libacml.a
++ export LD_LIBRARY_PATH=/pica/h1/afshin/acml/acmllib/ifort64_fma4/lib:/pica/h1/afshin/acml/acmllib/ifort64_fma4/lib:/pica/h1/afshin/acml/acmllib/ifort64_fma4/lib:/pica/h1/afshin/acml/acmllib/ifort64_fma4/lib:/pica/h1/afshin/acml/acmllib/ifort64_fma4/lib:/pica/h1/afshin/acml/acmllib/ifort64_fma4/lib:/pica/h1/afshin/acml/acmllib/ifort64_fma4/lib:/pica/h1/afshin/acml/acmllib/ifort64_fma4/lib:/pica/h1/afshin/acml/acmllib/ifort64_fma4/lib:/pica/h1/afshin/acml/acmllib/ifort64_fma4/lib:/pica/h1/afshin/acml/acmllib/ifort64_fma4/lib:/pica/h1/afshin/acml/acmllib/ifort64_fma4/lib:/pica/h1/afshin/acml/acmllib/ifort64_fma4/lib:/pica/h1/afshin/acml/acmllib/ifort64_fma4/lib:/pica/h1/afshin/acml/acmllib/ifort64_fma4/lib:/pica/h1/afshin/acml/acmllib/ifort64_fma4/lib:/pica/h1/afshin/acml/acmllib/ifort64_fma4/lib:/pica/h1/afshin/acml/acmllib/ifort64_fma4/lib:/pica/h1/afshin/acml/acmllib/ifort64_fma4/lib:/opt/openmpi/1.8.1gcc4.9/lib:/sw/comp/gcc/4.9_tintin/lib64:/sw/comp/gcc/4.9_tintin/lib
++ LD_LIBRARY_PATH=/pica/h1/afshin/acml/acmllib/ifort64_fma4/lib:/pica/h1/afshin/acml/acmllib/ifort64_fma4/lib:/pica/h1/afshin/acml/acmllib/ifort64_fma4/lib:/pica/h1/afshin/acml/acmllib/ifort64_fma4/lib:/pica/h1/afshin/acml/acmllib/ifort64_fma4/lib:/pica/h1/afshin/acml/acmllib/ifort64_fma4/lib:/pica/h1/afshin/acml/acmllib/ifort64_fma4/lib:/pica/h1/afshin/acml/acmllib/ifort64_fma4/lib:/pica/h1/afshin/acml/acmllib/ifort64_fma4/lib:/pica/h1/afshin/acml/acmllib/ifort64_fma4/lib:/pica/h1/afshin/acml/acmllib/ifort64_fma4/lib:/pica/h1/afshin/acml/acmllib/ifort64_fma4/lib:/pica/h1/afshin/acml/acmllib/ifort64_fma4/lib:/pica/h1/afshin/acml/acmllib/ifort64_fma4/lib:/pica/h1/afshin/acml/acmllib/ifort64_fma4/lib:/pica/h1/afshin/acml/acmllib/ifort64_fma4/lib:/pica/h1/afshin/acml/acmllib/ifort64_fma4/lib:/pica/h1/afshin/acml/acmllib/ifort64_fma4/lib:/pica/h1/afshin/acml/acmllib/ifort64_fma4/lib:/opt/openmpi/1.8.1gcc4.9/lib:/sw/comp/gcc/4.9_tintin/lib64:/sw/comp/gcc/4.9_tintin/lib
++ expdir=Exp10752205_N100000_P300_Q010_ftwSN_16cores
+++ ls -d Exp10751474_N100000_P300_Q010_ftwSN_16cores
++ ex=Exp10751474_N100000_P300_Q010_ftwSN_16cores
+++ pwd
++ curd=/gulo/glob/afshin/private/FMM/out/N1e5
++ '[' zExp10751474_N100000_P300_Q010_ftwSN_16coresz '!=' zz ']'
++ cp Exp10751474_N100000_P300_Q010_ftwSN_16cores/trace_f_t_S_w.txt Exp10751474_N100000_P300_Q010_ftwSN_16cores/trace_N100000_P300_Q010_ftwSN_16cores
++ return
+ T=1
+ flags=fswSN
+ source ../main.sh
++ lstopo --force --of TXT topology.TXT
++ ACML_DIR=/pica/h1/afshin/acml/acmllib/ifort64_fma4
++ ACML_LIB=/pica/h1/afshin/acml/acmllib/ifort64_fma4/lib/libacml.a
++ export LD_LIBRARY_PATH=/pica/h1/afshin/acml/acmllib/ifort64_fma4/lib:/pica/h1/afshin/acml/acmllib/ifort64_fma4/lib:/pica/h1/afshin/acml/acmllib/ifort64_fma4/lib:/pica/h1/afshin/acml/acmllib/ifort64_fma4/lib:/pica/h1/afshin/acml/acmllib/ifort64_fma4/lib:/pica/h1/afshin/acml/acmllib/ifort64_fma4/lib:/pica/h1/afshin/acml/acmllib/ifort64_fma4/lib:/pica/h1/afshin/acml/acmllib/ifort64_fma4/lib:/pica/h1/afshin/acml/acmllib/ifort64_fma4/lib:/pica/h1/afshin/acml/acmllib/ifort64_fma4/lib:/pica/h1/afshin/acml/acmllib/ifort64_fma4/lib:/pica/h1/afshin/acml/acmllib/ifort64_fma4/lib:/pica/h1/afshin/acml/acmllib/ifort64_fma4/lib:/pica/h1/afshin/acml/acmllib/ifort64_fma4/lib:/pica/h1/afshin/acml/acmllib/ifort64_fma4/lib:/pica/h1/afshin/acml/acmllib/ifort64_fma4/lib:/pica/h1/afshin/acml/acmllib/ifort64_fma4/lib:/pica/h1/afshin/acml/acmllib/ifort64_fma4/lib:/pica/h1/afshin/acml/acmllib/ifort64_fma4/lib:/pica/h1/afshin/acml/acmllib/ifort64_fma4/lib:/opt/openmpi/1.8.1gcc4.9/lib:/sw/comp/gcc/4.9_tintin/lib64:/sw/comp/gcc/4.9_tintin/lib
++ LD_LIBRARY_PATH=/pica/h1/afshin/acml/acmllib/ifort64_fma4/lib:/pica/h1/afshin/acml/acmllib/ifort64_fma4/lib:/pica/h1/afshin/acml/acmllib/ifort64_fma4/lib:/pica/h1/afshin/acml/acmllib/ifort64_fma4/lib:/pica/h1/afshin/acml/acmllib/ifort64_fma4/lib:/pica/h1/afshin/acml/acmllib/ifort64_fma4/lib:/pica/h1/afshin/acml/acmllib/ifort64_fma4/lib:/pica/h1/afshin/acml/acmllib/ifort64_fma4/lib:/pica/h1/afshin/acml/acmllib/ifort64_fma4/lib:/pica/h1/afshin/acml/acmllib/ifort64_fma4/lib:/pica/h1/afshin/acml/acmllib/ifort64_fma4/lib:/pica/h1/afshin/acml/acmllib/ifort64_fma4/lib:/pica/h1/afshin/acml/acmllib/ifort64_fma4/lib:/pica/h1/afshin/acml/acmllib/ifort64_fma4/lib:/pica/h1/afshin/acml/acmllib/ifort64_fma4/lib:/pica/h1/afshin/acml/acmllib/ifort64_fma4/lib:/pica/h1/afshin/acml/acmllib/ifort64_fma4/lib:/pica/h1/afshin/acml/acmllib/ifort64_fma4/lib:/pica/h1/afshin/acml/acmllib/ifort64_fma4/lib:/pica/h1/afshin/acml/acmllib/ifort64_fma4/lib:/opt/openmpi/1.8.1gcc4.9/lib:/sw/comp/gcc/4.9_tintin/lib64:/sw/comp/gcc/4.9_tintin/lib
++ expdir=Exp10752205_N100000_P300_Q010_fswSN_1cores
+++ ls -d Exp10752043_N100000_P300_Q010_fswSN_1cores
++ ex=Exp10752043_N100000_P300_Q010_fswSN_1cores
+++ pwd
++ curd=/gulo/glob/afshin/private/FMM/out/N1e5
++ '[' zExp10752043_N100000_P300_Q010_fswSN_1coresz '!=' zz ']'
++ cp Exp10752043_N100000_P300_Q010_fswSN_1cores/trace_f_t_S_w.txt Exp10752043_N100000_P300_Q010_fswSN_1cores/trace_N100000_P300_Q010_fswSN_1cores
cp: cannot stat `Exp10752043_N100000_P300_Q010_fswSN_1cores/trace_f_t_S_w.txt': No such file or directory
++ return
+ flags=ftwSN
+ for Q in 010 020 050
+ '[' 300 -eq 400 ']'
+ '[' 300 -eq 200 ']'
+ '[' 300 -eq 300 ']'
+ L=07
+ '[' 300 -eq 100 ']'
+ '[' 300 -eq 050 ']'
+ for T in 1 4 8 16
+ source ../main.sh
++ lstopo --force --of TXT topology.TXT
++ ACML_DIR=/pica/h1/afshin/acml/acmllib/ifort64_fma4
++ ACML_LIB=/pica/h1/afshin/acml/acmllib/ifort64_fma4/lib/libacml.a
++ export LD_LIBRARY_PATH=/pica/h1/afshin/acml/acmllib/ifort64_fma4/lib:/pica/h1/afshin/acml/acmllib/ifort64_fma4/lib:/pica/h1/afshin/acml/acmllib/ifort64_fma4/lib:/pica/h1/afshin/acml/acmllib/ifort64_fma4/lib:/pica/h1/afshin/acml/acmllib/ifort64_fma4/lib:/pica/h1/afshin/acml/acmllib/ifort64_fma4/lib:/pica/h1/afshin/acml/acmllib/ifort64_fma4/lib:/pica/h1/afshin/acml/acmllib/ifort64_fma4/lib:/pica/h1/afshin/acml/acmllib/ifort64_fma4/lib:/pica/h1/afshin/acml/acmllib/ifort64_fma4/lib:/pica/h1/afshin/acml/acmllib/ifort64_fma4/lib:/pica/h1/afshin/acml/acmllib/ifort64_fma4/lib:/pica/h1/afshin/acml/acmllib/ifort64_fma4/lib:/pica/h1/afshin/acml/acmllib/ifort64_fma4/lib:/pica/h1/afshin/acml/acmllib/ifort64_fma4/lib:/pica/h1/afshin/acml/acmllib/ifort64_fma4/lib:/pica/h1/afshin/acml/acmllib/ifort64_fma4/lib:/pica/h1/afshin/acml/acmllib/ifort64_fma4/lib:/pica/h1/afshin/acml/acmllib/ifort64_fma4/lib:/pica/h1/afshin/acml/acmllib/ifort64_fma4/lib:/pica/h1/afshin/acml/acmllib/ifort64_fma4/lib:/opt/openmpi/1.8.1gcc4.9/lib:/sw/comp/gcc/4.9_tintin/lib64:/sw/comp/gcc/4.9_tintin/lib
++ LD_LIBRARY_PATH=/pica/h1/afshin/acml/acmllib/ifort64_fma4/lib:/pica/h1/afshin/acml/acmllib/ifort64_fma4/lib:/pica/h1/afshin/acml/acmllib/ifort64_fma4/lib:/pica/h1/afshin/acml/acmllib/ifort64_fma4/lib:/pica/h1/afshin/acml/acmllib/ifort64_fma4/lib:/pica/h1/afshin/acml/acmllib/ifort64_fma4/lib:/pica/h1/afshin/acml/acmllib/ifort64_fma4/lib:/pica/h1/afshin/acml/acmllib/ifort64_fma4/lib:/pica/h1/afshin/acml/acmllib/ifort64_fma4/lib:/pica/h1/afshin/acml/acmllib/ifort64_fma4/lib:/pica/h1/afshin/acml/acmllib/ifort64_fma4/lib:/pica/h1/afshin/acml/acmllib/ifort64_fma4/lib:/pica/h1/afshin/acml/acmllib/ifort64_fma4/lib:/pica/h1/afshin/acml/acmllib/ifort64_fma4/lib:/pica/h1/afshin/acml/acmllib/ifort64_fma4/lib:/pica/h1/afshin/acml/acmllib/ifort64_fma4/lib:/pica/h1/afshin/acml/acmllib/ifort64_fma4/lib:/pica/h1/afshin/acml/acmllib/ifort64_fma4/lib:/pica/h1/afshin/acml/acmllib/ifort64_fma4/lib:/pica/h1/afshin/acml/acmllib/ifort64_fma4/lib:/pica/h1/afshin/acml/acmllib/ifort64_fma4/lib:/opt/openmpi/1.8.1gcc4.9/lib:/sw/comp/gcc/4.9_tintin/lib64:/sw/comp/gcc/4.9_tintin/lib
++ expdir=Exp10752205_N100000_P300_Q020_ftwSN_1cores
+++ ls -d Exp10752043_N100000_P300_Q020_ftwSN_1cores
++ ex=Exp10752043_N100000_P300_Q020_ftwSN_1cores
+++ pwd
++ curd=/gulo/glob/afshin/private/FMM/out/N1e5
++ '[' zExp10752043_N100000_P300_Q020_ftwSN_1coresz '!=' zz ']'
++ cp Exp10752043_N100000_P300_Q020_ftwSN_1cores/trace_f_t_S_w.txt Exp10752043_N100000_P300_Q020_ftwSN_1cores/trace_N100000_P300_Q020_ftwSN_1cores
++ return
+ for T in 1 4 8 16
+ source ../main.sh
++ lstopo --force --of TXT topology.TXT
++ ACML_DIR=/pica/h1/afshin/acml/acmllib/ifort64_fma4
++ ACML_LIB=/pica/h1/afshin/acml/acmllib/ifort64_fma4/lib/libacml.a
++ export LD_LIBRARY_PATH=/pica/h1/afshin/acml/acmllib/ifort64_fma4/lib:/pica/h1/afshin/acml/acmllib/ifort64_fma4/lib:/pica/h1/afshin/acml/acmllib/ifort64_fma4/lib:/pica/h1/afshin/acml/acmllib/ifort64_fma4/lib:/pica/h1/afshin/acml/acmllib/ifort64_fma4/lib:/pica/h1/afshin/acml/acmllib/ifort64_fma4/lib:/pica/h1/afshin/acml/acmllib/ifort64_fma4/lib:/pica/h1/afshin/acml/acmllib/ifort64_fma4/lib:/pica/h1/afshin/acml/acmllib/ifort64_fma4/lib:/pica/h1/afshin/acml/acmllib/ifort64_fma4/lib:/pica/h1/afshin/acml/acmllib/ifort64_fma4/lib:/pica/h1/afshin/acml/acmllib/ifort64_fma4/lib:/pica/h1/afshin/acml/acmllib/ifort64_fma4/lib:/pica/h1/afshin/acml/acmllib/ifort64_fma4/lib:/pica/h1/afshin/acml/acmllib/ifort64_fma4/lib:/pica/h1/afshin/acml/acmllib/ifort64_fma4/lib:/pica/h1/afshin/acml/acmllib/ifort64_fma4/lib:/pica/h1/afshin/acml/acmllib/ifort64_fma4/lib:/pica/h1/afshin/acml/acmllib/ifort64_fma4/lib:/pica/h1/afshin/acml/acmllib/ifort64_fma4/lib:/pica/h1/afshin/acml/acmllib/ifort64_fma4/lib:/pica/h1/afshin/acml/acmllib/ifort64_fma4/lib:/opt/openmpi/1.8.1gcc4.9/lib:/sw/comp/gcc/4.9_tintin/lib64:/sw/comp/gcc/4.9_tintin/lib
++ LD_LIBRARY_PATH=/pica/h1/afshin/acml/acmllib/ifort64_fma4/lib:/pica/h1/afshin/acml/acmllib/ifort64_fma4/lib:/pica/h1/afshin/acml/acmllib/ifort64_fma4/lib:/pica/h1/afshin/acml/acmllib/ifort64_fma4/lib:/pica/h1/afshin/acml/acmllib/ifort64_fma4/lib:/pica/h1/afshin/acml/acmllib/ifort64_fma4/lib:/pica/h1/afshin/acml/acmllib/ifort64_fma4/lib:/pica/h1/afshin/acml/acmllib/ifort64_fma4/lib:/pica/h1/afshin/acml/acmllib/ifort64_fma4/lib:/pica/h1/afshin/acml/acmllib/ifort64_fma4/lib:/pica/h1/afshin/acml/acmllib/ifort64_fma4/lib:/pica/h1/afshin/acml/acmllib/ifort64_fma4/lib:/pica/h1/afshin/acml/acmllib/ifort64_fma4/lib:/pica/h1/afshin/acml/acmllib/ifort64_fma4/lib:/pica/h1/afshin/acml/acmllib/ifort64_fma4/lib:/pica/h1/afshin/acml/acmllib/ifort64_fma4/lib:/pica/h1/afshin/acml/acmllib/ifort64_fma4/lib:/pica/h1/afshin/acml/acmllib/ifort64_fma4/lib:/pica/h1/afshin/acml/acmllib/ifort64_fma4/lib:/pica/h1/afshin/acml/acmllib/ifort64_fma4/lib:/pica/h1/afshin/acml/acmllib/ifort64_fma4/lib:/pica/h1/afshin/acml/acmllib/ifort64_fma4/lib:/opt/openmpi/1.8.1gcc4.9/lib:/sw/comp/gcc/4.9_tintin/lib64:/sw/comp/gcc/4.9_tintin/lib
++ expdir=Exp10752205_N100000_P300_Q020_ftwSN_4cores
+++ ls -d Exp10752043_N100000_P300_Q020_ftwSN_4cores
++ ex=Exp10752043_N100000_P300_Q020_ftwSN_4cores
+++ pwd
++ curd=/gulo/glob/afshin/private/FMM/out/N1e5
++ '[' zExp10752043_N100000_P300_Q020_ftwSN_4coresz '!=' zz ']'
++ cp Exp10752043_N100000_P300_Q020_ftwSN_4cores/trace_f_t_S_w.txt Exp10752043_N100000_P300_Q020_ftwSN_4cores/trace_N100000_P300_Q020_ftwSN_4cores
++ return
+ for T in 1 4 8 16
+ source ../main.sh
++ lstopo --force --of TXT topology.TXT
++ ACML_DIR=/pica/h1/afshin/acml/acmllib/ifort64_fma4
++ ACML_LIB=/pica/h1/afshin/acml/acmllib/ifort64_fma4/lib/libacml.a
++ export LD_LIBRARY_PATH=/pica/h1/afshin/acml/acmllib/ifort64_fma4/lib:/pica/h1/afshin/acml/acmllib/ifort64_fma4/lib:/pica/h1/afshin/acml/acmllib/ifort64_fma4/lib:/pica/h1/afshin/acml/acmllib/ifort64_fma4/lib:/pica/h1/afshin/acml/acmllib/ifort64_fma4/lib:/pica/h1/afshin/acml/acmllib/ifort64_fma4/lib:/pica/h1/afshin/acml/acmllib/ifort64_fma4/lib:/pica/h1/afshin/acml/acmllib/ifort64_fma4/lib:/pica/h1/afshin/acml/acmllib/ifort64_fma4/lib:/pica/h1/afshin/acml/acmllib/ifort64_fma4/lib:/pica/h1/afshin/acml/acmllib/ifort64_fma4/lib:/pica/h1/afshin/acml/acmllib/ifort64_fma4/lib:/pica/h1/afshin/acml/acmllib/ifort64_fma4/lib:/pica/h1/afshin/acml/acmllib/ifort64_fma4/lib:/pica/h1/afshin/acml/acmllib/ifort64_fma4/lib:/pica/h1/afshin/acml/acmllib/ifort64_fma4/lib:/pica/h1/afshin/acml/acmllib/ifort64_fma4/lib:/pica/h1/afshin/acml/acmllib/ifort64_fma4/lib:/pica/h1/afshin/acml/acmllib/ifort64_fma4/lib:/pica/h1/afshin/acml/acmllib/ifort64_fma4/lib:/pica/h1/afshin/acml/acmllib/ifort64_fma4/lib:/pica/h1/afshin/acml/acmllib/ifort64_fma4/lib:/pica/h1/afshin/acml/acmllib/ifort64_fma4/lib:/opt/openmpi/1.8.1gcc4.9/lib:/sw/comp/gcc/4.9_tintin/lib64:/sw/comp/gcc/4.9_tintin/lib
++ LD_LIBRARY_PATH=/pica/h1/afshin/acml/acmllib/ifort64_fma4/lib:/pica/h1/afshin/acml/acmllib/ifort64_fma4/lib:/pica/h1/afshin/acml/acmllib/ifort64_fma4/lib:/pica/h1/afshin/acml/acmllib/ifort64_fma4/lib:/pica/h1/afshin/acml/acmllib/ifort64_fma4/lib:/pica/h1/afshin/acml/acmllib/ifort64_fma4/lib:/pica/h1/afshin/acml/acmllib/ifort64_fma4/lib:/pica/h1/afshin/acml/acmllib/ifort64_fma4/lib:/pica/h1/afshin/acml/acmllib/ifort64_fma4/lib:/pica/h1/afshin/acml/acmllib/ifort64_fma4/lib:/pica/h1/afshin/acml/acmllib/ifort64_fma4/lib:/pica/h1/afshin/acml/acmllib/ifort64_fma4/lib:/pica/h1/afshin/acml/acmllib/ifort64_fma4/lib:/pica/h1/afshin/acml/acmllib/ifort64_fma4/lib:/pica/h1/afshin/acml/acmllib/ifort64_fma4/lib:/pica/h1/afshin/acml/acmllib/ifort64_fma4/lib:/pica/h1/afshin/acml/acmllib/ifort64_fma4/lib:/pica/h1/afshin/acml/acmllib/ifort64_fma4/lib:/pica/h1/afshin/acml/acmllib/ifort64_fma4/lib:/pica/h1/afshin/acml/acmllib/ifort64_fma4/lib:/pica/h1/afshin/acml/acmllib/ifort64_fma4/lib:/pica/h1/afshin/acml/acmllib/ifort64_fma4/lib:/pica/h1/afshin/acml/acmllib/ifort64_fma4/lib:/opt/openmpi/1.8.1gcc4.9/lib:/sw/comp/gcc/4.9_tintin/lib64:/sw/comp/gcc/4.9_tintin/lib
++ expdir=Exp10752205_N100000_P300_Q020_ftwSN_8cores
+++ ls -d Exp10752043_N100000_P300_Q020_ftwSN_8cores
++ ex=Exp10752043_N100000_P300_Q020_ftwSN_8cores
+++ pwd
++ curd=/gulo/glob/afshin/private/FMM/out/N1e5
++ '[' zExp10752043_N100000_P300_Q020_ftwSN_8coresz '!=' zz ']'
++ cp Exp10752043_N100000_P300_Q020_ftwSN_8cores/trace_f_t_S_w.txt Exp10752043_N100000_P300_Q020_ftwSN_8cores/trace_N100000_P300_Q020_ftwSN_8cores
++ return
+ for T in 1 4 8 16
+ source ../main.sh
++ lstopo --force --of TXT topology.TXT
++ ACML_DIR=/pica/h1/afshin/acml/acmllib/ifort64_fma4
++ ACML_LIB=/pica/h1/afshin/acml/acmllib/ifort64_fma4/lib/libacml.a
++ export LD_LIBRARY_PATH=/pica/h1/afshin/acml/acmllib/ifort64_fma4/lib:/pica/h1/afshin/acml/acmllib/ifort64_fma4/lib:/pica/h1/afshin/acml/acmllib/ifort64_fma4/lib:/pica/h1/afshin/acml/acmllib/ifort64_fma4/lib:/pica/h1/afshin/acml/acmllib/ifort64_fma4/lib:/pica/h1/afshin/acml/acmllib/ifort64_fma4/lib:/pica/h1/afshin/acml/acmllib/ifort64_fma4/lib:/pica/h1/afshin/acml/acmllib/ifort64_fma4/lib:/pica/h1/afshin/acml/acmllib/ifort64_fma4/lib:/pica/h1/afshin/acml/acmllib/ifort64_fma4/lib:/pica/h1/afshin/acml/acmllib/ifort64_fma4/lib:/pica/h1/afshin/acml/acmllib/ifort64_fma4/lib:/pica/h1/afshin/acml/acmllib/ifort64_fma4/lib:/pica/h1/afshin/acml/acmllib/ifort64_fma4/lib:/pica/h1/afshin/acml/acmllib/ifort64_fma4/lib:/pica/h1/afshin/acml/acmllib/ifort64_fma4/lib:/pica/h1/afshin/acml/acmllib/ifort64_fma4/lib:/pica/h1/afshin/acml/acmllib/ifort64_fma4/lib:/pica/h1/afshin/acml/acmllib/ifort64_fma4/lib:/pica/h1/afshin/acml/acmllib/ifort64_fma4/lib:/pica/h1/afshin/acml/acmllib/ifort64_fma4/lib:/pica/h1/afshin/acml/acmllib/ifort64_fma4/lib:/pica/h1/afshin/acml/acmllib/ifort64_fma4/lib:/pica/h1/afshin/acml/acmllib/ifort64_fma4/lib:/opt/openmpi/1.8.1gcc4.9/lib:/sw/comp/gcc/4.9_tintin/lib64:/sw/comp/gcc/4.9_tintin/lib
++ LD_LIBRARY_PATH=/pica/h1/afshin/acml/acmllib/ifort64_fma4/lib:/pica/h1/afshin/acml/acmllib/ifort64_fma4/lib:/pica/h1/afshin/acml/acmllib/ifort64_fma4/lib:/pica/h1/afshin/acml/acmllib/ifort64_fma4/lib:/pica/h1/afshin/acml/acmllib/ifort64_fma4/lib:/pica/h1/afshin/acml/acmllib/ifort64_fma4/lib:/pica/h1/afshin/acml/acmllib/ifort64_fma4/lib:/pica/h1/afshin/acml/acmllib/ifort64_fma4/lib:/pica/h1/afshin/acml/acmllib/ifort64_fma4/lib:/pica/h1/afshin/acml/acmllib/ifort64_fma4/lib:/pica/h1/afshin/acml/acmllib/ifort64_fma4/lib:/pica/h1/afshin/acml/acmllib/ifort64_fma4/lib:/pica/h1/afshin/acml/acmllib/ifort64_fma4/lib:/pica/h1/afshin/acml/acmllib/ifort64_fma4/lib:/pica/h1/afshin/acml/acmllib/ifort64_fma4/lib:/pica/h1/afshin/acml/acmllib/ifort64_fma4/lib:/pica/h1/afshin/acml/acmllib/ifort64_fma4/lib:/pica/h1/afshin/acml/acmllib/ifort64_fma4/lib:/pica/h1/afshin/acml/acmllib/ifort64_fma4/lib:/pica/h1/afshin/acml/acmllib/ifort64_fma4/lib:/pica/h1/afshin/acml/acmllib/ifort64_fma4/lib:/pica/h1/afshin/acml/acmllib/ifort64_fma4/lib:/pica/h1/afshin/acml/acmllib/ifort64_fma4/lib:/pica/h1/afshin/acml/acmllib/ifort64_fma4/lib:/opt/openmpi/1.8.1gcc4.9/lib:/sw/comp/gcc/4.9_tintin/lib64:/sw/comp/gcc/4.9_tintin/lib
++ expdir=Exp10752205_N100000_P300_Q020_ftwSN_16cores
+++ ls -d Exp10752043_N100000_P300_Q020_ftwSN_16cores
++ ex=Exp10752043_N100000_P300_Q020_ftwSN_16cores
+++ pwd
++ curd=/gulo/glob/afshin/private/FMM/out/N1e5
++ '[' zExp10752043_N100000_P300_Q020_ftwSN_16coresz '!=' zz ']'
++ cp Exp10752043_N100000_P300_Q020_ftwSN_16cores/trace_f_t_S_w.txt Exp10752043_N100000_P300_Q020_ftwSN_16cores/trace_N100000_P300_Q020_ftwSN_16cores
++ return
+ T=1
+ flags=fswSN
+ source ../main.sh
++ lstopo --force --of TXT topology.TXT
++ ACML_DIR=/pica/h1/afshin/acml/acmllib/ifort64_fma4
++ ACML_LIB=/pica/h1/afshin/acml/acmllib/ifort64_fma4/lib/libacml.a
++ export LD_LIBRARY_PATH=/pica/h1/afshin/acml/acmllib/ifort64_fma4/lib:/pica/h1/afshin/acml/acmllib/ifort64_fma4/lib:/pica/h1/afshin/acml/acmllib/ifort64_fma4/lib:/pica/h1/afshin/acml/acmllib/ifort64_fma4/lib:/pica/h1/afshin/acml/acmllib/ifort64_fma4/lib:/pica/h1/afshin/acml/acmllib/ifort64_fma4/lib:/pica/h1/afshin/acml/acmllib/ifort64_fma4/lib:/pica/h1/afshin/acml/acmllib/ifort64_fma4/lib:/pica/h1/afshin/acml/acmllib/ifort64_fma4/lib:/pica/h1/afshin/acml/acmllib/ifort64_fma4/lib:/pica/h1/afshin/acml/acmllib/ifort64_fma4/lib:/pica/h1/afshin/acml/acmllib/ifort64_fma4/lib:/pica/h1/afshin/acml/acmllib/ifort64_fma4/lib:/pica/h1/afshin/acml/acmllib/ifort64_fma4/lib:/pica/h1/afshin/acml/acmllib/ifort64_fma4/lib:/pica/h1/afshin/acml/acmllib/ifort64_fma4/lib:/pica/h1/afshin/acml/acmllib/ifort64_fma4/lib:/pica/h1/afshin/acml/acmllib/ifort64_fma4/lib:/pica/h1/afshin/acml/acmllib/ifort64_fma4/lib:/pica/h1/afshin/acml/acmllib/ifort64_fma4/lib:/pica/h1/afshin/acml/acmllib/ifort64_fma4/lib:/pica/h1/afshin/acml/acmllib/ifort64_fma4/lib:/pica/h1/afshin/acml/acmllib/ifort64_fma4/lib:/pica/h1/afshin/acml/acmllib/ifort64_fma4/lib:/pica/h1/afshin/acml/acmllib/ifort64_fma4/lib:/opt/openmpi/1.8.1gcc4.9/lib:/sw/comp/gcc/4.9_tintin/lib64:/sw/comp/gcc/4.9_tintin/lib
++ LD_LIBRARY_PATH=/pica/h1/afshin/acml/acmllib/ifort64_fma4/lib:/pica/h1/afshin/acml/acmllib/ifort64_fma4/lib:/pica/h1/afshin/acml/acmllib/ifort64_fma4/lib:/pica/h1/afshin/acml/acmllib/ifort64_fma4/lib:/pica/h1/afshin/acml/acmllib/ifort64_fma4/lib:/pica/h1/afshin/acml/acmllib/ifort64_fma4/lib:/pica/h1/afshin/acml/acmllib/ifort64_fma4/lib:/pica/h1/afshin/acml/acmllib/ifort64_fma4/lib:/pica/h1/afshin/acml/acmllib/ifort64_fma4/lib:/pica/h1/afshin/acml/acmllib/ifort64_fma4/lib:/pica/h1/afshin/acml/acmllib/ifort64_fma4/lib:/pica/h1/afshin/acml/acmllib/ifort64_fma4/lib:/pica/h1/afshin/acml/acmllib/ifort64_fma4/lib:/pica/h1/afshin/acml/acmllib/ifort64_fma4/lib:/pica/h1/afshin/acml/acmllib/ifort64_fma4/lib:/pica/h1/afshin/acml/acmllib/ifort64_fma4/lib:/pica/h1/afshin/acml/acmllib/ifort64_fma4/lib:/pica/h1/afshin/acml/acmllib/ifort64_fma4/lib:/pica/h1/afshin/acml/acmllib/ifort64_fma4/lib:/pica/h1/afshin/acml/acmllib/ifort64_fma4/lib:/pica/h1/afshin/acml/acmllib/ifort64_fma4/lib:/pica/h1/afshin/acml/acmllib/ifort64_fma4/lib:/pica/h1/afshin/acml/acmllib/ifort64_fma4/lib:/pica/h1/afshin/acml/acmllib/ifort64_fma4/lib:/pica/h1/afshin/acml/acmllib/ifort64_fma4/lib:/opt/openmpi/1.8.1gcc4.9/lib:/sw/comp/gcc/4.9_tintin/lib64:/sw/comp/gcc/4.9_tintin/lib
++ expdir=Exp10752205_N100000_P300_Q020_fswSN_1cores
+++ ls -d Exp10752043_N100000_P300_Q020_fswSN_1cores
++ ex=Exp10752043_N100000_P300_Q020_fswSN_1cores
+++ pwd
++ curd=/gulo/glob/afshin/private/FMM/out/N1e5
++ '[' zExp10752043_N100000_P300_Q020_fswSN_1coresz '!=' zz ']'
++ cp Exp10752043_N100000_P300_Q020_fswSN_1cores/trace_f_t_S_w.txt Exp10752043_N100000_P300_Q020_fswSN_1cores/trace_N100000_P300_Q020_fswSN_1cores
cp: cannot stat `Exp10752043_N100000_P300_Q020_fswSN_1cores/trace_f_t_S_w.txt': No such file or directory
++ return
+ flags=ftwSN
+ for Q in 010 020 050
+ '[' 300 -eq 400 ']'
+ '[' 300 -eq 200 ']'
+ '[' 300 -eq 300 ']'
+ L=07
+ '[' 300 -eq 100 ']'
+ '[' 300 -eq 050 ']'
+ for T in 1 4 8 16
+ source ../main.sh
++ lstopo --force --of TXT topology.TXT
++ ACML_DIR=/pica/h1/afshin/acml/acmllib/ifort64_fma4
++ ACML_LIB=/pica/h1/afshin/acml/acmllib/ifort64_fma4/lib/libacml.a
++ export LD_LIBRARY_PATH=/pica/h1/afshin/acml/acmllib/ifort64_fma4/lib:/pica/h1/afshin/acml/acmllib/ifort64_fma4/lib:/pica/h1/afshin/acml/acmllib/ifort64_fma4/lib:/pica/h1/afshin/acml/acmllib/ifort64_fma4/lib:/pica/h1/afshin/acml/acmllib/ifort64_fma4/lib:/pica/h1/afshin/acml/acmllib/ifort64_fma4/lib:/pica/h1/afshin/acml/acmllib/ifort64_fma4/lib:/pica/h1/afshin/acml/acmllib/ifort64_fma4/lib:/pica/h1/afshin/acml/acmllib/ifort64_fma4/lib:/pica/h1/afshin/acml/acmllib/ifort64_fma4/lib:/pica/h1/afshin/acml/acmllib/ifort64_fma4/lib:/pica/h1/afshin/acml/acmllib/ifort64_fma4/lib:/pica/h1/afshin/acml/acmllib/ifort64_fma4/lib:/pica/h1/afshin/acml/acmllib/ifort64_fma4/lib:/pica/h1/afshin/acml/acmllib/ifort64_fma4/lib:/pica/h1/afshin/acml/acmllib/ifort64_fma4/lib:/pica/h1/afshin/acml/acmllib/ifort64_fma4/lib:/pica/h1/afshin/acml/acmllib/ifort64_fma4/lib:/pica/h1/afshin/acml/acmllib/ifort64_fma4/lib:/pica/h1/afshin/acml/acmllib/ifort64_fma4/lib:/pica/h1/afshin/acml/acmllib/ifort64_fma4/lib:/pica/h1/afshin/acml/acmllib/ifort64_fma4/lib:/pica/h1/afshin/acml/acmllib/ifort64_fma4/lib:/pica/h1/afshin/acml/acmllib/ifort64_fma4/lib:/pica/h1/afshin/acml/acmllib/ifort64_fma4/lib:/pica/h1/afshin/acml/acmllib/ifort64_fma4/lib:/opt/openmpi/1.8.1gcc4.9/lib:/sw/comp/gcc/4.9_tintin/lib64:/sw/comp/gcc/4.9_tintin/lib
++ LD_LIBRARY_PATH=/pica/h1/afshin/acml/acmllib/ifort64_fma4/lib:/pica/h1/afshin/acml/acmllib/ifort64_fma4/lib:/pica/h1/afshin/acml/acmllib/ifort64_fma4/lib:/pica/h1/afshin/acml/acmllib/ifort64_fma4/lib:/pica/h1/afshin/acml/acmllib/ifort64_fma4/lib:/pica/h1/afshin/acml/acmllib/ifort64_fma4/lib:/pica/h1/afshin/acml/acmllib/ifort64_fma4/lib:/pica/h1/afshin/acml/acmllib/ifort64_fma4/lib:/pica/h1/afshin/acml/acmllib/ifort64_fma4/lib:/pica/h1/afshin/acml/acmllib/ifort64_fma4/lib:/pica/h1/afshin/acml/acmllib/ifort64_fma4/lib:/pica/h1/afshin/acml/acmllib/ifort64_fma4/lib:/pica/h1/afshin/acml/acmllib/ifort64_fma4/lib:/pica/h1/afshin/acml/acmllib/ifort64_fma4/lib:/pica/h1/afshin/acml/acmllib/ifort64_fma4/lib:/pica/h1/afshin/acml/acmllib/ifort64_fma4/lib:/pica/h1/afshin/acml/acmllib/ifort64_fma4/lib:/pica/h1/afshin/acml/acmllib/ifort64_fma4/lib:/pica/h1/afshin/acml/acmllib/ifort64_fma4/lib:/pica/h1/afshin/acml/acmllib/ifort64_fma4/lib:/pica/h1/afshin/acml/acmllib/ifort64_fma4/lib:/pica/h1/afshin/acml/acmllib/ifort64_fma4/lib:/pica/h1/afshin/acml/acmllib/ifort64_fma4/lib:/pica/h1/afshin/acml/acmllib/ifort64_fma4/lib:/pica/h1/afshin/acml/acmllib/ifort64_fma4/lib:/pica/h1/afshin/acml/acmllib/ifort64_fma4/lib:/opt/openmpi/1.8.1gcc4.9/lib:/sw/comp/gcc/4.9_tintin/lib64:/sw/comp/gcc/4.9_tintin/lib
++ expdir=Exp10752205_N100000_P300_Q050_ftwSN_1cores
+++ ls -d Exp10752043_N100000_P300_Q050_ftwSN_1cores
++ ex=Exp10752043_N100000_P300_Q050_ftwSN_1cores
+++ pwd
++ curd=/gulo/glob/afshin/private/FMM/out/N1e5
++ '[' zExp10752043_N100000_P300_Q050_ftwSN_1coresz '!=' zz ']'
++ cp Exp10752043_N100000_P300_Q050_ftwSN_1cores/trace_f_t_S_w.txt Exp10752043_N100000_P300_Q050_ftwSN_1cores/trace_N100000_P300_Q050_ftwSN_1cores
++ return
+ for T in 1 4 8 16
+ source ../main.sh
++ lstopo --force --of TXT topology.TXT
++ ACML_DIR=/pica/h1/afshin/acml/acmllib/ifort64_fma4
++ ACML_LIB=/pica/h1/afshin/acml/acmllib/ifort64_fma4/lib/libacml.a
++ export LD_LIBRARY_PATH=/pica/h1/afshin/acml/acmllib/ifort64_fma4/lib:/pica/h1/afshin/acml/acmllib/ifort64_fma4/lib:/pica/h1/afshin/acml/acmllib/ifort64_fma4/lib:/pica/h1/afshin/acml/acmllib/ifort64_fma4/lib:/pica/h1/afshin/acml/acmllib/ifort64_fma4/lib:/pica/h1/afshin/acml/acmllib/ifort64_fma4/lib:/pica/h1/afshin/acml/acmllib/ifort64_fma4/lib:/pica/h1/afshin/acml/acmllib/ifort64_fma4/lib:/pica/h1/afshin/acml/acmllib/ifort64_fma4/lib:/pica/h1/afshin/acml/acmllib/ifort64_fma4/lib:/pica/h1/afshin/acml/acmllib/ifort64_fma4/lib:/pica/h1/afshin/acml/acmllib/ifort64_fma4/lib:/pica/h1/afshin/acml/acmllib/ifort64_fma4/lib:/pica/h1/afshin/acml/acmllib/ifort64_fma4/lib:/pica/h1/afshin/acml/acmllib/ifort64_fma4/lib:/pica/h1/afshin/acml/acmllib/ifort64_fma4/lib:/pica/h1/afshin/acml/acmllib/ifort64_fma4/lib:/pica/h1/afshin/acml/acmllib/ifort64_fma4/lib:/pica/h1/afshin/acml/acmllib/ifort64_fma4/lib:/pica/h1/afshin/acml/acmllib/ifort64_fma4/lib:/pica/h1/afshin/acml/acmllib/ifort64_fma4/lib:/pica/h1/afshin/acml/acmllib/ifort64_fma4/lib:/pica/h1/afshin/acml/acmllib/ifort64_fma4/lib:/pica/h1/afshin/acml/acmllib/ifort64_fma4/lib:/pica/h1/afshin/acml/acmllib/ifort64_fma4/lib:/pica/h1/afshin/acml/acmllib/ifort64_fma4/lib:/pica/h1/afshin/acml/acmllib/ifort64_fma4/lib:/opt/openmpi/1.8.1gcc4.9/lib:/sw/comp/gcc/4.9_tintin/lib64:/sw/comp/gcc/4.9_tintin/lib
++ LD_LIBRARY_PATH=/pica/h1/afshin/acml/acmllib/ifort64_fma4/lib:/pica/h1/afshin/acml/acmllib/ifort64_fma4/lib:/pica/h1/afshin/acml/acmllib/ifort64_fma4/lib:/pica/h1/afshin/acml/acmllib/ifort64_fma4/lib:/pica/h1/afshin/acml/acmllib/ifort64_fma4/lib:/pica/h1/afshin/acml/acmllib/ifort64_fma4/lib:/pica/h1/afshin/acml/acmllib/ifort64_fma4/lib:/pica/h1/afshin/acml/acmllib/ifort64_fma4/lib:/pica/h1/afshin/acml/acmllib/ifort64_fma4/lib:/pica/h1/afshin/acml/acmllib/ifort64_fma4/lib:/pica/h1/afshin/acml/acmllib/ifort64_fma4/lib:/pica/h1/afshin/acml/acmllib/ifort64_fma4/lib:/pica/h1/afshin/acml/acmllib/ifort64_fma4/lib:/pica/h1/afshin/acml/acmllib/ifort64_fma4/lib:/pica/h1/afshin/acml/acmllib/ifort64_fma4/lib:/pica/h1/afshin/acml/acmllib/ifort64_fma4/lib:/pica/h1/afshin/acml/acmllib/ifort64_fma4/lib:/pica/h1/afshin/acml/acmllib/ifort64_fma4/lib:/pica/h1/afshin/acml/acmllib/ifort64_fma4/lib:/pica/h1/afshin/acml/acmllib/ifort64_fma4/lib:/pica/h1/afshin/acml/acmllib/ifort64_fma4/lib:/pica/h1/afshin/acml/acmllib/ifort64_fma4/lib:/pica/h1/afshin/acml/acmllib/ifort64_fma4/lib:/pica/h1/afshin/acml/acmllib/ifort64_fma4/lib:/pica/h1/afshin/acml/acmllib/ifort64_fma4/lib:/pica/h1/afshin/acml/acmllib/ifort64_fma4/lib:/pica/h1/afshin/acml/acmllib/ifort64_fma4/lib:/opt/openmpi/1.8.1gcc4.9/lib:/sw/comp/gcc/4.9_tintin/lib64:/sw/comp/gcc/4.9_tintin/lib
++ expdir=Exp10752205_N100000_P300_Q050_ftwSN_4cores
+++ ls -d Exp10752043_N100000_P300_Q050_ftwSN_4cores
++ ex=Exp10752043_N100000_P300_Q050_ftwSN_4cores
+++ pwd
++ curd=/gulo/glob/afshin/private/FMM/out/N1e5
++ '[' zExp10752043_N100000_P300_Q050_ftwSN_4coresz '!=' zz ']'
++ cp Exp10752043_N100000_P300_Q050_ftwSN_4cores/trace_f_t_S_w.txt Exp10752043_N100000_P300_Q050_ftwSN_4cores/trace_N100000_P300_Q050_ftwSN_4cores
++ return
+ for T in 1 4 8 16
+ source ../main.sh
++ lstopo --force --of TXT topology.TXT
++ ACML_DIR=/pica/h1/afshin/acml/acmllib/ifort64_fma4
++ ACML_LIB=/pica/h1/afshin/acml/acmllib/ifort64_fma4/lib/libacml.a
++ export LD_LIBRARY_PATH=/pica/h1/afshin/acml/acmllib/ifort64_fma4/lib:/pica/h1/afshin/acml/acmllib/ifort64_fma4/lib:/pica/h1/afshin/acml/acmllib/ifort64_fma4/lib:/pica/h1/afshin/acml/acmllib/ifort64_fma4/lib:/pica/h1/afshin/acml/acmllib/ifort64_fma4/lib:/pica/h1/afshin/acml/acmllib/ifort64_fma4/lib:/pica/h1/afshin/acml/acmllib/ifort64_fma4/lib:/pica/h1/afshin/acml/acmllib/ifort64_fma4/lib:/pica/h1/afshin/acml/acmllib/ifort64_fma4/lib:/pica/h1/afshin/acml/acmllib/ifort64_fma4/lib:/pica/h1/afshin/acml/acmllib/ifort64_fma4/lib:/pica/h1/afshin/acml/acmllib/ifort64_fma4/lib:/pica/h1/afshin/acml/acmllib/ifort64_fma4/lib:/pica/h1/afshin/acml/acmllib/ifort64_fma4/lib:/pica/h1/afshin/acml/acmllib/ifort64_fma4/lib:/pica/h1/afshin/acml/acmllib/ifort64_fma4/lib:/pica/h1/afshin/acml/acmllib/ifort64_fma4/lib:/pica/h1/afshin/acml/acmllib/ifort64_fma4/lib:/pica/h1/afshin/acml/acmllib/ifort64_fma4/lib:/pica/h1/afshin/acml/acmllib/ifort64_fma4/lib:/pica/h1/afshin/acml/acmllib/ifort64_fma4/lib:/pica/h1/afshin/acml/acmllib/ifort64_fma4/lib:/pica/h1/afshin/acml/acmllib/ifort64_fma4/lib:/pica/h1/afshin/acml/acmllib/ifort64_fma4/lib:/pica/h1/afshin/acml/acmllib/ifort64_fma4/lib:/pica/h1/afshin/acml/acmllib/ifort64_fma4/lib:/pica/h1/afshin/acml/acmllib/ifort64_fma4/lib:/pica/h1/afshin/acml/acmllib/ifort64_fma4/lib:/opt/openmpi/1.8.1gcc4.9/lib:/sw/comp/gcc/4.9_tintin/lib64:/sw/comp/gcc/4.9_tintin/lib
++ LD_LIBRARY_PATH=/pica/h1/afshin/acml/acmllib/ifort64_fma4/lib:/pica/h1/afshin/acml/acmllib/ifort64_fma4/lib:/pica/h1/afshin/acml/acmllib/ifort64_fma4/lib:/pica/h1/afshin/acml/acmllib/ifort64_fma4/lib:/pica/h1/afshin/acml/acmllib/ifort64_fma4/lib:/pica/h1/afshin/acml/acmllib/ifort64_fma4/lib:/pica/h1/afshin/acml/acmllib/ifort64_fma4/lib:/pica/h1/afshin/acml/acmllib/ifort64_fma4/lib:/pica/h1/afshin/acml/acmllib/ifort64_fma4/lib:/pica/h1/afshin/acml/acmllib/ifort64_fma4/lib:/pica/h1/afshin/acml/acmllib/ifort64_fma4/lib:/pica/h1/afshin/acml/acmllib/ifort64_fma4/lib:/pica/h1/afshin/acml/acmllib/ifort64_fma4/lib:/pica/h1/afshin/acml/acmllib/ifort64_fma4/lib:/pica/h1/afshin/acml/acmllib/ifort64_fma4/lib:/pica/h1/afshin/acml/acmllib/ifort64_fma4/lib:/pica/h1/afshin/acml/acmllib/ifort64_fma4/lib:/pica/h1/afshin/acml/acmllib/ifort64_fma4/lib:/pica/h1/afshin/acml/acmllib/ifort64_fma4/lib:/pica/h1/afshin/acml/acmllib/ifort64_fma4/lib:/pica/h1/afshin/acml/acmllib/ifort64_fma4/lib:/pica/h1/afshin/acml/acmllib/ifort64_fma4/lib:/pica/h1/afshin/acml/acmllib/ifort64_fma4/lib:/pica/h1/afshin/acml/acmllib/ifort64_fma4/lib:/pica/h1/afshin/acml/acmllib/ifort64_fma4/lib:/pica/h1/afshin/acml/acmllib/ifort64_fma4/lib:/pica/h1/afshin/acml/acmllib/ifort64_fma4/lib:/pica/h1/afshin/acml/acmllib/ifort64_fma4/lib:/opt/openmpi/1.8.1gcc4.9/lib:/sw/comp/gcc/4.9_tintin/lib64:/sw/comp/gcc/4.9_tintin/lib
++ expdir=Exp10752205_N100000_P300_Q050_ftwSN_8cores
+++ ls -d Exp10752043_N100000_P300_Q050_ftwSN_8cores
++ ex=Exp10752043_N100000_P300_Q050_ftwSN_8cores
+++ pwd
++ curd=/gulo/glob/afshin/private/FMM/out/N1e5
++ '[' zExp10752043_N100000_P300_Q050_ftwSN_8coresz '!=' zz ']'
++ cp Exp10752043_N100000_P300_Q050_ftwSN_8cores/trace_f_t_S_w.txt Exp10752043_N100000_P300_Q050_ftwSN_8cores/trace_N100000_P300_Q050_ftwSN_8cores
++ return
+ for T in 1 4 8 16
+ source ../main.sh
++ lstopo --force --of TXT topology.TXT
++ ACML_DIR=/pica/h1/afshin/acml/acmllib/ifort64_fma4
++ ACML_LIB=/pica/h1/afshin/acml/acmllib/ifort64_fma4/lib/libacml.a
++ export LD_LIBRARY_PATH=/pica/h1/afshin/acml/acmllib/ifort64_fma4/lib:/pica/h1/afshin/acml/acmllib/ifort64_fma4/lib:/pica/h1/afshin/acml/acmllib/ifort64_fma4/lib:/pica/h1/afshin/acml/acmllib/ifort64_fma4/lib:/pica/h1/afshin/acml/acmllib/ifort64_fma4/lib:/pica/h1/afshin/acml/acmllib/ifort64_fma4/lib:/pica/h1/afshin/acml/acmllib/ifort64_fma4/lib:/pica/h1/afshin/acml/acmllib/ifort64_fma4/lib:/pica/h1/afshin/acml/acmllib/ifort64_fma4/lib:/pica/h1/afshin/acml/acmllib/ifort64_fma4/lib:/pica/h1/afshin/acml/acmllib/ifort64_fma4/lib:/pica/h1/afshin/acml/acmllib/ifort64_fma4/lib:/pica/h1/afshin/acml/acmllib/ifort64_fma4/lib:/pica/h1/afshin/acml/acmllib/ifort64_fma4/lib:/pica/h1/afshin/acml/acmllib/ifort64_fma4/lib:/pica/h1/afshin/acml/acmllib/ifort64_fma4/lib:/pica/h1/afshin/acml/acmllib/ifort64_fma4/lib:/pica/h1/afshin/acml/acmllib/ifort64_fma4/lib:/pica/h1/afshin/acml/acmllib/ifort64_fma4/lib:/pica/h1/afshin/acml/acmllib/ifort64_fma4/lib:/pica/h1/afshin/acml/acmllib/ifort64_fma4/lib:/pica/h1/afshin/acml/acmllib/ifort64_fma4/lib:/pica/h1/afshin/acml/acmllib/ifort64_fma4/lib:/pica/h1/afshin/acml/acmllib/ifort64_fma4/lib:/pica/h1/afshin/acml/acmllib/ifort64_fma4/lib:/pica/h1/afshin/acml/acmllib/ifort64_fma4/lib:/pica/h1/afshin/acml/acmllib/ifort64_fma4/lib:/pica/h1/afshin/acml/acmllib/ifort64_fma4/lib:/pica/h1/afshin/acml/acmllib/ifort64_fma4/lib:/opt/openmpi/1.8.1gcc4.9/lib:/sw/comp/gcc/4.9_tintin/lib64:/sw/comp/gcc/4.9_tintin/lib
++ LD_LIBRARY_PATH=/pica/h1/afshin/acml/acmllib/ifort64_fma4/lib:/pica/h1/afshin/acml/acmllib/ifort64_fma4/lib:/pica/h1/afshin/acml/acmllib/ifort64_fma4/lib:/pica/h1/afshin/acml/acmllib/ifort64_fma4/lib:/pica/h1/afshin/acml/acmllib/ifort64_fma4/lib:/pica/h1/afshin/acml/acmllib/ifort64_fma4/lib:/pica/h1/afshin/acml/acmllib/ifort64_fma4/lib:/pica/h1/afshin/acml/acmllib/ifort64_fma4/lib:/pica/h1/afshin/acml/acmllib/ifort64_fma4/lib:/pica/h1/afshin/acml/acmllib/ifort64_fma4/lib:/pica/h1/afshin/acml/acmllib/ifort64_fma4/lib:/pica/h1/afshin/acml/acmllib/ifort64_fma4/lib:/pica/h1/afshin/acml/acmllib/ifort64_fma4/lib:/pica/h1/afshin/acml/acmllib/ifort64_fma4/lib:/pica/h1/afshin/acml/acmllib/ifort64_fma4/lib:/pica/h1/afshin/acml/acmllib/ifort64_fma4/lib:/pica/h1/afshin/acml/acmllib/ifort64_fma4/lib:/pica/h1/afshin/acml/acmllib/ifort64_fma4/lib:/pica/h1/afshin/acml/acmllib/ifort64_fma4/lib:/pica/h1/afshin/acml/acmllib/ifort64_fma4/lib:/pica/h1/afshin/acml/acmllib/ifort64_fma4/lib:/pica/h1/afshin/acml/acmllib/ifort64_fma4/lib:/pica/h1/afshin/acml/acmllib/ifort64_fma4/lib:/pica/h1/afshin/acml/acmllib/ifort64_fma4/lib:/pica/h1/afshin/acml/acmllib/ifort64_fma4/lib:/pica/h1/afshin/acml/acmllib/ifort64_fma4/lib:/pica/h1/afshin/acml/acmllib/ifort64_fma4/lib:/pica/h1/afshin/acml/acmllib/ifort64_fma4/lib:/pica/h1/afshin/acml/acmllib/ifort64_fma4/lib:/opt/openmpi/1.8.1gcc4.9/lib:/sw/comp/gcc/4.9_tintin/lib64:/sw/comp/gcc/4.9_tintin/lib
++ expdir=Exp10752205_N100000_P300_Q050_ftwSN_16cores
+++ ls -d Exp10752043_N100000_P300_Q050_ftwSN_16cores
++ ex=Exp10752043_N100000_P300_Q050_ftwSN_16cores
+++ pwd
++ curd=/gulo/glob/afshin/private/FMM/out/N1e5
++ '[' zExp10752043_N100000_P300_Q050_ftwSN_16coresz '!=' zz ']'
++ cp Exp10752043_N100000_P300_Q050_ftwSN_16cores/trace_f_t_S_w.txt Exp10752043_N100000_P300_Q050_ftwSN_16cores/trace_N100000_P300_Q050_ftwSN_16cores
++ return
+ T=1
+ flags=fswSN
+ source ../main.sh
++ lstopo --force --of TXT topology.TXT
++ ACML_DIR=/pica/h1/afshin/acml/acmllib/ifort64_fma4
++ ACML_LIB=/pica/h1/afshin/acml/acmllib/ifort64_fma4/lib/libacml.a
++ export LD_LIBRARY_PATH=/pica/h1/afshin/acml/acmllib/ifort64_fma4/lib:/pica/h1/afshin/acml/acmllib/ifort64_fma4/lib:/pica/h1/afshin/acml/acmllib/ifort64_fma4/lib:/pica/h1/afshin/acml/acmllib/ifort64_fma4/lib:/pica/h1/afshin/acml/acmllib/ifort64_fma4/lib:/pica/h1/afshin/acml/acmllib/ifort64_fma4/lib:/pica/h1/afshin/acml/acmllib/ifort64_fma4/lib:/pica/h1/afshin/acml/acmllib/ifort64_fma4/lib:/pica/h1/afshin/acml/acmllib/ifort64_fma4/lib:/pica/h1/afshin/acml/acmllib/ifort64_fma4/lib:/pica/h1/afshin/acml/acmllib/ifort64_fma4/lib:/pica/h1/afshin/acml/acmllib/ifort64_fma4/lib:/pica/h1/afshin/acml/acmllib/ifort64_fma4/lib:/pica/h1/afshin/acml/acmllib/ifort64_fma4/lib:/pica/h1/afshin/acml/acmllib/ifort64_fma4/lib:/pica/h1/afshin/acml/acmllib/ifort64_fma4/lib:/pica/h1/afshin/acml/acmllib/ifort64_fma4/lib:/pica/h1/afshin/acml/acmllib/ifort64_fma4/lib:/pica/h1/afshin/acml/acmllib/ifort64_fma4/lib:/pica/h1/afshin/acml/acmllib/ifort64_fma4/lib:/pica/h1/afshin/acml/acmllib/ifort64_fma4/lib:/pica/h1/afshin/acml/acmllib/ifort64_fma4/lib:/pica/h1/afshin/acml/acmllib/ifort64_fma4/lib:/pica/h1/afshin/acml/acmllib/ifort64_fma4/lib:/pica/h1/afshin/acml/acmllib/ifort64_fma4/lib:/pica/h1/afshin/acml/acmllib/ifort64_fma4/lib:/pica/h1/afshin/acml/acmllib/ifort64_fma4/lib:/pica/h1/afshin/acml/acmllib/ifort64_fma4/lib:/pica/h1/afshin/acml/acmllib/ifort64_fma4/lib:/pica/h1/afshin/acml/acmllib/ifort64_fma4/lib:/opt/openmpi/1.8.1gcc4.9/lib:/sw/comp/gcc/4.9_tintin/lib64:/sw/comp/gcc/4.9_tintin/lib
++ LD_LIBRARY_PATH=/pica/h1/afshin/acml/acmllib/ifort64_fma4/lib:/pica/h1/afshin/acml/acmllib/ifort64_fma4/lib:/pica/h1/afshin/acml/acmllib/ifort64_fma4/lib:/pica/h1/afshin/acml/acmllib/ifort64_fma4/lib:/pica/h1/afshin/acml/acmllib/ifort64_fma4/lib:/pica/h1/afshin/acml/acmllib/ifort64_fma4/lib:/pica/h1/afshin/acml/acmllib/ifort64_fma4/lib:/pica/h1/afshin/acml/acmllib/ifort64_fma4/lib:/pica/h1/afshin/acml/acmllib/ifort64_fma4/lib:/pica/h1/afshin/acml/acmllib/ifort64_fma4/lib:/pica/h1/afshin/acml/acmllib/ifort64_fma4/lib:/pica/h1/afshin/acml/acmllib/ifort64_fma4/lib:/pica/h1/afshin/acml/acmllib/ifort64_fma4/lib:/pica/h1/afshin/acml/acmllib/ifort64_fma4/lib:/pica/h1/afshin/acml/acmllib/ifort64_fma4/lib:/pica/h1/afshin/acml/acmllib/ifort64_fma4/lib:/pica/h1/afshin/acml/acmllib/ifort64_fma4/lib:/pica/h1/afshin/acml/acmllib/ifort64_fma4/lib:/pica/h1/afshin/acml/acmllib/ifort64_fma4/lib:/pica/h1/afshin/acml/acmllib/ifort64_fma4/lib:/pica/h1/afshin/acml/acmllib/ifort64_fma4/lib:/pica/h1/afshin/acml/acmllib/ifort64_fma4/lib:/pica/h1/afshin/acml/acmllib/ifort64_fma4/lib:/pica/h1/afshin/acml/acmllib/ifort64_fma4/lib:/pica/h1/afshin/acml/acmllib/ifort64_fma4/lib:/pica/h1/afshin/acml/acmllib/ifort64_fma4/lib:/pica/h1/afshin/acml/acmllib/ifort64_fma4/lib:/pica/h1/afshin/acml/acmllib/ifort64_fma4/lib:/pica/h1/afshin/acml/acmllib/ifort64_fma4/lib:/pica/h1/afshin/acml/acmllib/ifort64_fma4/lib:/opt/openmpi/1.8.1gcc4.9/lib:/sw/comp/gcc/4.9_tintin/lib64:/sw/comp/gcc/4.9_tintin/lib
++ expdir=Exp10752205_N100000_P300_Q050_fswSN_1cores
+++ ls -d Exp10752043_N100000_P300_Q050_fswSN_1cores
++ ex=Exp10752043_N100000_P300_Q050_fswSN_1cores
+++ pwd
++ curd=/gulo/glob/afshin/private/FMM/out/N1e5
++ '[' zExp10752043_N100000_P300_Q050_fswSN_1coresz '!=' zz ']'
++ cp Exp10752043_N100000_P300_Q050_fswSN_1cores/trace_f_t_S_w.txt Exp10752043_N100000_P300_Q050_fswSN_1cores/trace_N100000_P300_Q050_fswSN_1cores
cp: cannot stat `Exp10752043_N100000_P300_Q050_fswSN_1cores/trace_f_t_S_w.txt': No such file or directory
++ return
+ flags=ftwSN
